Seed:
Seeded Break/Lunch across all grades and days.
Seeded Extra Curricular in T9 on Friday only.
Seeded P.E. on Friday with distinct periods per segment.
Seeded Twi (B7–B9) on Wed/Fri with staggering.
Seeded B9 English double periods on Wed/Fri (T5+T6).
Seeded UCMAS once/week (Tue) with gaps across classes.

Fill:
Filled remaining slots with quota-aware incremental placement.

Enforced seed: B9 Friday T9 -> English – Mr. Bright Dey
Filled empty B5B Monday T9 with RME – Mr. Enoch Asare
Filled empty B5B Wednesday T9 with French – Mr. Desiré Folly
Filled empty B5B Tuesday T9 with French – Mr. Desiré Folly
Filled empty B5B Thursday T9 with Social Studies – Mr. Enoch Asare
Filled empty B7B Monday T9 with RME – Mr. Kumah
Filled empty B7B Wednesday T9 with RME – Mr. Kumah
Filled empty B7B Tuesday T9 with RME – Mr. Kumah
Filled empty B7B Thursday T9 with Social Studies – Mr. Samuel Ntiamoah
Filled empty B9 Monday T9 with Creative Arts – Mr. Solomon
Filled empty B9 Wednesday T9 with Social Studies – Mr. Samuel Ntiamoah
Filled empty B9 Tuesday T9 with Social Studies – Mr. Samuel Ntiamoah
Filled empty B9 Thursday T9 with French – Md. Jennifer
Filled empty B4B Monday T9 with Social Studies – Mr. Cyril Anani
Filled empty B4B Wednesday T9 with Science – Mr. Enoch Asare
Filled empty B4B Tuesday T9 with Science – Mr. Enoch Asare
Filled empty B4B Thursday T9 with French – Mr. Desiré Folly
Swapped B4B Wednesday T2 (Computing) <-> Friday T6 (Mathematics)
Swapped B4B Tuesday T2 (OWOP) <-> Friday T3 (English)
Swapped B4B Friday T5 (RME) <-> Thursday T9 (French)
Filled empty B8A Monday T9 with French – Md. Jennifer
Filled empty B8A Wednesday T9 with Creative Arts – Mr. Solomon
Filled empty B8A Tuesday T9 with Creative Arts – Mr. Solomon
Filled empty B8A Thursday T9 with Creative Arts – Mr. Solomon
Replaced B8A Monday T6: Science -> Creative Arts – Mr. Solomon
Filled empty B8B Monday T9 with Social Studies – Mr. Samuel Ntiamoah
Filled empty B8B Wednesday T9 with English – Mr. Bright Dey
Filled empty B8B Tuesday T9 with Mathematics – Mr. Samuel Adu Allert
Filled empty B8B Thursday T9 with Computing – Mr. Bright Kissi
Replaced B8B Monday T6: English -> RME – Mr. Kumah
Swapped B8B Monday T3 (Career Tech/Pre-tech) <-> Thursday T3 (English)
Swapped B8B Wednesday T9 (English) <-> Thursday T9 (Computing)
Filled empty B6B Monday T9 with Science – Mr. Raymond
Filled empty B6B Wednesday T9 with English – Mr. Bright Dey
Filled empty B6B Tuesday T9 with French – Md. Jennifer
Filled empty B6B Thursday T9 with Science – Mr. Raymond
Swapped B6B Monday T2 (OWOP) <-> Thursday T2 (Mathematics)
Filled empty B2B Monday T9 with Mathematics – Mr. Norbert Noble Nkrumah
Filled empty B2B Wednesday T9 with Mathematics – Mr. Norbert Noble Nkrumah
Filled empty B2B Tuesday T9 with Mathematics – Mr. Norbert Noble Nkrumah
Filled empty B2B Thursday T9 with Computing – Mr. Benjamin Samaglo
Replaced B2B Monday T1: Social Studies -> Science – Mrs. Charity Hayford
Swapped B2B Monday T5 (OWOP) <-> Tuesday T6 (Computing)
Filled empty B6A Monday T9 with French – Mr. Desiré Folly
Filled empty B6A Wednesday T9 with Mathematics – Mr. Samuel Adu Allert
Filled empty B6A Tuesday T9 with English – Mr. Bright Dey
Filled empty B6A Thursday T9 with Mathematics – Mr. Samuel Adu Allert
Replaced B6A Monday T3: RME -> Science – Mr. Raymond
Filled empty B7A Monday T9 with Mathematics – Mr. Samuel Adu Allert
Filled empty B7A Wednesday T9 with Twi – Mrs. Cecilia Gyameah
Filled empty B7A Tuesday T9 with Science – Mr. Raymond
Filled empty B7A Thursday T9 with Computing – Mr. Bright Kissi
Replaced B7A Wednesday T2: English -> Mathematics – Mr. Samuel Adu Allert
Replaced B7A Tuesday T3: French -> Mathematics – Mr. Samuel Adu Allert
Replaced B7A Thursday T2: English -> Mathematics – Mr. Samuel Adu Allert
Replaced B7A Wednesday T3: Computing -> Science – Mr. Raymond
Replaced B7A Friday T5: Mathematics -> Twi – Mrs. Cecilia Gyameah
Filled empty B1 Monday T9 with Computing – Mr. Benjamin Samaglo
Filled empty B1 Wednesday T9 with Computing – Mr. Benjamin Samaglo
Filled empty B1 Tuesday T9 with Computing – Mr. Benjamin Samaglo
Filled empty B1 Thursday T9 with RME – Mrs. Theodora Amoah
Replaced B1 Thursday T1: English -> Computing – Mr. Benjamin Samaglo
Swapped B1 Monday T1 (OWOP) <-> Friday T8 (Social Studies)
Swapped B1 Monday T6 (Creative Arts) <-> Tuesday T3 (Science)
Swapped B1 Friday T8 (OWOP) <-> Thursday T9 (RME)
Filled empty B4A Monday T9 with RME – Miss Anita Twumasi
Filled empty B4A Wednesday T9 with Social Studies – Miss Anita Twumasi
Filled empty B4A Tuesday T9 with RME – Miss Anita Twumasi
Filled empty B4A Thursday T9 with RME – Miss Anita Twumasi
Swapped B4A Wednesday T2 (Mathematics) <-> Thursday T2 (Computing)
Filled empty B3 Monday T9 with Creative Arts – Mr. Welbeck Konor
Filled empty B3 Wednesday T9 with RME – Mr. Welbeck Konor
Filled empty B3 Tuesday T9 with RME – Mr. Welbeck Konor
Filled empty B3 Thursday T9 with RME – Mr. Welbeck Konor
Replaced B3 Monday T1: English -> Computing – Mr. Benjamin Samaglo
Swapped B3 Wednesday T1 (English) <-> Monday T9 (Creative Arts)
Filled empty B2A Monday T9 with Creative Arts – Mr. Isaac Appiah
Filled empty B2A Wednesday T9 with RME – Mr. Isaac Appiah
Filled empty B2A Tuesday T9 with Science – Mr. Isaac Appiah
Filled empty B2A Thursday T9 with Twi – Mr. Norbert Noble Nkrumah
Replaced B2A Wednesday T1: English -> Twi – Mr. Norbert Noble Nkrumah
Filled empty B5A Monday T9 with Computing – Mr. Bright Kissi
Filled empty B5A Wednesday T9 with OWOP – Mr. Mark Mossie
Filled empty B5A Tuesday T9 with Computing – Mr. Bright Kissi
Filled empty B5A Thursday T9 with RME – Mr. Mark Mossie
Replaced B5A Wednesday T3: Science -> Twi – Mr. Norbert Noble Nkrumah
Replaced B5A Wednesday T5: Social Studies -> Computing – Mr. Bright Kissi
Swapped B5B Monday T1 (English) <-> Wednesday T1 (English)
Swapped B5B Monday T1 (English) <-> Tuesday T2 (English)
Swapped B5B Monday T1 (English) <-> Thursday T1 (English)
Swapped B5B Monday T1 (English) <-> Friday T8 (English)
Swapped B5B Monday T2 (Mathematics) <-> Wednesday T2 (Mathematics)
Swapped B5B Monday T2 (Mathematics) <-> Tuesday T3 (Mathematics)
Swapped B5B Monday T2 (Mathematics) <-> Thursday T2 (Mathematics)
Swapped B5B Monday T2 (Mathematics) <-> Friday T6 (Mathematics)
Swapped B5B Monday T3 (Science) <-> Wednesday T3 (Science)
Swapped B5B Monday T3 (Science) <-> Tuesday T5 (Science)
Swapped B5B Monday T3 (Science) <-> Thursday T3 (Science)
Swapped B5B Monday T3 (Science) <-> Friday T1 (OWOP)
Swapped B5B Monday T3 (OWOP) <-> Wednesday T3 (Science)
Swapped B5B Monday T3 (Science) <-> Wednesday T3 (OWOP)
Swapped B5B Monday T3 (OWOP) <-> Tuesday T8 (OWOP)
Swapped B5B Monday T3 (OWOP) <-> Thursday T3 (Science)
Swapped B5B Monday T3 (Science) <-> Thursday T3 (OWOP)
Swapped B5B Monday T3 (OWOP) <-> Friday T3 (Creative Arts)
Swapped B5B Monday T3 (Creative Arts) <-> Wednesday T3 (Science)
Swapped B5B Monday T3 (Science) <-> Wednesday T3 (Creative Arts)
Swapped B5B Monday T3 (Creative Arts) <-> Thursday T5 (Creative Arts)
Swapped B5B Monday T1 (English) <-> Wednesday T1 (English)
Swapped B5B Monday T1 (English) <-> Tuesday T2 (English)
Swapped B5B Monday T1 (English) <-> Thursday T1 (English)
Swapped B5B Monday T1 (English) <-> Friday T8 (English)
Swapped B5B Monday T2 (Mathematics) <-> Wednesday T2 (Mathematics)
Swapped B5B Monday T2 (Mathematics) <-> Tuesday T3 (Mathematics)
Swapped B5B Monday T2 (Mathematics) <-> Thursday T2 (Mathematics)
Swapped B5B Monday T2 (Mathematics) <-> Friday T6 (Mathematics)
Swapped B5B Monday T3 (Creative Arts) <-> Friday T3 (OWOP)
Swapped B5B Monday T5 (Social Studies) <-> Wednesday T5 (Social Studies)
Swapped B5B Monday T5 (Social Studies) <-> Tuesday T6 (Social Studies)
Swapped B5B Monday T5 (Social Studies) <-> Friday T1 (Science)
Swapped B5B Monday T3 (OWOP) <-> Wednesday T5 (Social Studies)
Swapped B5B Monday T3 (Social Studies) <-> Wednesday T5 (OWOP)
Swapped B5B Monday T3 (OWOP) <-> Tuesday T8 (OWOP)
Swapped B5B Monday T3 (OWOP) <-> Friday T1 (Social Studies)
Swapped B5B Monday T3 (Social Studies) <-> Wednesday T5 (Social Studies)
Swapped B5B Monday T3 (Social Studies) <-> Tuesday T6 (Social Studies)
Swapped B5B Monday T3 (Social Studies) <-> Friday T1 (OWOP)
Swapped B5B Monday T3 (OWOP) <-> Friday T3 (Creative Arts)
Swapped B5B Monday T3 (Creative Arts) <-> Tuesday T6 (Social Studies)
Swapped B5B Monday T1 (English) <-> Wednesday T1 (English)
Swapped B5B Monday T1 (English) <-> Tuesday T2 (English)
Swapped B5B Monday T1 (English) <-> Thursday T1 (English)
Swapped B5B Monday T1 (English) <-> Friday T8 (English)
Swapped B5B Monday T2 (Mathematics) <-> Wednesday T2 (Mathematics)
Swapped B5B Monday T2 (Mathematics) <-> Tuesday T3 (Mathematics)
Swapped B5B Monday T2 (Mathematics) <-> Thursday T2 (Mathematics)
Swapped B5B Monday T2 (Mathematics) <-> Friday T6 (Mathematics)
Swapped B5B Monday T3 (Social Studies) <-> Tuesday T6 (Creative Arts)
Swapped B5B Monday T3 (Creative Arts) <-> Thursday T5 (Creative Arts)
Swapped B5B Monday T3 (Creative Arts) <-> Friday T1 (Social Studies)
Swapped B5B Monday T3 (Social Studies) <-> Friday T1 (Creative Arts)
Swapped B5B Monday T3 (Creative Arts) <-> Friday T3 (OWOP)
Swapped B5B Monday T3 (OWOP) <-> Wednesday T5 (Social Studies)
Swapped B5B Monday T3 (Social Studies) <-> Wednesday T5 (OWOP)
Swapped B5B Monday T3 (OWOP) <-> Tuesday T8 (OWOP)
Swapped B5B Monday T3 (OWOP) <-> Friday T1 (Social Studies)
Swapped B5B Monday T3 (Social Studies) <-> Wednesday T5 (Social Studies)
Swapped B5B Monday T3 (Social Studies) <-> Tuesday T6 (Social Studies)
Swapped B5B Monday T3 (Social Studies) <-> Friday T1 (OWOP)
Swapped B5B Monday T3 (OWOP) <-> Friday T3 (Creative Arts)
Swapped B5B Monday T1 (English) <-> Wednesday T1 (English)
Swapped B5B Monday T1 (English) <-> Tuesday T2 (English)
Swapped B5B Monday T1 (English) <-> Thursday T1 (English)
Swapped B5B Monday T1 (English) <-> Friday T8 (English)
Swapped B5B Monday T2 (Mathematics) <-> Wednesday T2 (Mathematics)
Swapped B5B Monday T2 (Mathematics) <-> Tuesday T3 (Mathematics)
Swapped B5B Monday T2 (Mathematics) <-> Thursday T2 (Mathematics)
Swapped B5B Monday T2 (Mathematics) <-> Friday T6 (Mathematics)
Swapped B5B Monday T3 (Creative Arts) <-> Tuesday T6 (Social Studies)
Swapped B5B Monday T3 (Social Studies) <-> Tuesday T6 (Creative Arts)
Swapped B5B Monday T3 (Creative Arts) <-> Thursday T5 (Creative Arts)
Swapped B5B Monday T3 (Creative Arts) <-> Friday T1 (Social Studies)
Swapped B5B Monday T3 (Social Studies) <-> Friday T1 (Creative Arts)
Swapped B5B Monday T3 (Creative Arts) <-> Friday T3 (OWOP)
Swapped B5B Monday T3 (OWOP) <-> Wednesday T5 (Social Studies)
Swapped B5B Monday T3 (Social Studies) <-> Wednesday T5 (OWOP)
Swapped B5B Monday T3 (OWOP) <-> Tuesday T8 (OWOP)
Swapped B5B Monday T3 (OWOP) <-> Friday T1 (Social Studies)
Swapped B5B Monday T3 (Social Studies) <-> Wednesday T5 (Social Studies)
Swapped B5B Monday T3 (Social Studies) <-> Tuesday T6 (Social Studies)
Swapped B5B Monday T3 (Social Studies) <-> Friday T1 (OWOP)
Swapped B5B Monday T1 (English) <-> Wednesday T1 (English)
Swapped B5B Monday T1 (English) <-> Tuesday T2 (English)
Swapped B5B Monday T1 (English) <-> Thursday T1 (English)
Swapped B5B Monday T1 (English) <-> Friday T8 (English)
Swapped B5B Monday T2 (Mathematics) <-> Wednesday T2 (Mathematics)
Swapped B5B Monday T2 (Mathematics) <-> Tuesday T3 (Mathematics)
Swapped B5B Monday T2 (Mathematics) <-> Thursday T2 (Mathematics)
Swapped B5B Monday T2 (Mathematics) <-> Friday T6 (Mathematics)
Swapped B5B Monday T3 (OWOP) <-> Friday T3 (Creative Arts)
Swapped B5B Monday T3 (Creative Arts) <-> Tuesday T6 (Social Studies)
Swapped B5B Monday T3 (Social Studies) <-> Tuesday T6 (Creative Arts)
Swapped B5B Monday T3 (Creative Arts) <-> Thursday T5 (Creative Arts)
Swapped B5B Monday T3 (Creative Arts) <-> Friday T1 (Social Studies)
Swapped B5B Monday T3 (Social Studies) <-> Friday T1 (Creative Arts)
Swapped B5B Monday T3 (Creative Arts) <-> Friday T3 (OWOP)
Swapped B5B Monday T3 (OWOP) <-> Wednesday T5 (Social Studies)
Swapped B5B Monday T3 (Social Studies) <-> Wednesday T5 (OWOP)
Swapped B5B Monday T3 (OWOP) <-> Tuesday T8 (OWOP)
Swapped B5B Monday T3 (OWOP) <-> Friday T1 (Social Studies)
Swapped B5B Monday T3 (Social Studies) <-> Wednesday T5 (Social Studies)
Swapped B5B Monday T3 (Social Studies) <-> Tuesday T6 (Social Studies)
Swapped B5B Monday T1 (English) <-> Wednesday T1 (English)
Swapped B5B Monday T1 (English) <-> Tuesday T2 (English)
Swapped B5B Monday T1 (English) <-> Thursday T1 (English)

Swapped B7B Monday T3 (English) <-> Friday T2 (Career Tech/Pre-tech)
Replaced B8A Monday T6: Creative Arts -> Science – Mr. Raymond
Swapped B6B Monday T3 (Computing) <-> Friday T5 (RME)
Replaced B2B Monday T1: Science -> Social Studies – Mrs. Charity Hayford
Swapped B2B Monday T1 (Social Studies) <-> Wednesday T3 (OWOP)
Swapped B2B Wednesday T1 (Creative Arts) <-> Friday T2 (Science)
Replaced B6A Monday T2: Creative Arts -> RME – Mr. Benjamin Samaglo
Replaced B7A Wednesday T1: Career Tech/Pre-tech -> English – Mr. Bright Dey
Swapped B7A Wednesday T1 (English) <-> Thursday T5 (Career Tech/Pre-tech)
Replaced B1 Tuesday T2: Twi -> English – Mrs. Theodora Amoah
Swapped B1 Monday T6 (Science) <-> Tuesday T3 (Creative Arts)
Swapped B1 Tuesday T2 (English) <-> Thursday T8 (Twi)
Swapped B4A Monday T3 (OWOP) <-> Friday T8 (Computing)
Replaced B5A Wednesday T1: English -> Science – Mr. Enoch Asare
Replaced B5A Wednesday T1: Science -> Social Studies – Mr. Mark Mossie
Replaced B5A Thursday T8: Creative Arts -> Twi – Mr. Norbert Noble Nkrumah
Swapped B5B Monday T1 (English) <-> Wednesday T1 (English)
Swapped B5B Monday T1 (English) <-> Tuesday T2 (English)
Swapped B5B Monday T1 (English) <-> Thursday T1 (English)
Swapped B5B Monday T1 (English) <-> Friday T8 (English)
Swapped B5B Monday T2 (Mathematics) <-> Wednesday T2 (Mathematics)
Swapped B5B Monday T2 (Mathematics) <-> Tuesday T3 (Mathematics)
Swapped B5B Monday T2 (Mathematics) <-> Thursday T2 (Mathematics)
Swapped B5B Monday T2 (Mathematics) <-> Friday T6 (Mathematics)
Swapped B5B Monday T3 (Social Studies) <-> Wednesday T5 (Social Studies)
Swapped B5B Monday T3 (Social Studies) <-> Tuesday T6 (Social Studies)
Swapped B5B Monday T3 (Social Studies) <-> Friday T1 (OWOP)
Swapped B5B Monday T3 (OWOP) <-> Wednesday T5 (Social Studies)
Swapped B5B Monday T3 (Social Studies) <-> Wednesday T5 (OWOP)
Swapped B5B Monday T3 (OWOP) <-> Tuesday T8 (OWOP)
Swapped B5B Monday T3 (OWOP) <-> Friday T1 (Social Studies)
Swapped B5B Monday T3 (Social Studies) <-> Friday T3 (Creative Arts)
Swapped B5B Monday T3 (Creative Arts) <-> Tuesday T8 (OWOP)
Swapped B5B Monday T3 (OWOP) <-> Tuesday T8 (Creative Arts)
Swapped B5B Monday T3 (Creative Arts) <-> Thursday T5 (Creative Arts)
Swapped B5B Monday T3 (Creative Arts) <-> Friday T1 (OWOP)
Swapped B5B Monday T3 (OWOP) <-> Thursday T5 (Creative Arts)
Swapped B5B Monday T1 (English) <-> Wednesday T1 (English)
Swapped B5B Monday T1 (English) <-> Tuesday T2 (English)
Swapped B5B Monday T1 (English) <-> Thursday T1 (English)
Swapped B5B Monday T1 (English) <-> Friday T8 (English)
Swapped B5B Monday T2 (Mathematics) <-> Wednesday T2 (Mathematics)
Swapped B5B Monday T2 (Mathematics) <-> Tuesday T3 (Mathematics)
Swapped B5B Monday T2 (Mathematics) <-> Thursday T2 (Mathematics)
Swapped B5B Monday T2 (Mathematics) <-> Friday T6 (Mathematics)
Swapped B5B Monday T3 (Creative Arts) <-> Thursday T5 (OWOP)
Swapped B5B Monday T3 (OWOP) <-> Friday T1 (Creative Arts)
Swapped B5B Monday T3 (Creative Arts) <-> Friday T3 (Social Studies)
Swapped B5B Monday T3 (Social Studies) <-> Wednesday T5 (Social Studies)
Swapped B5B Monday T3 (Social Studies) <-> Tuesday T6 (Social Studies)
Swapped B5B Monday T3 (Social Studies) <-> Friday T1 (OWOP)
Swapped B5B Monday T3 (OWOP) <-> Wednesday T5 (Social Studies)
Swapped B5B Monday T3 (Social Studies) <-> Wednesday T5 (OWOP)
Swapped B5B Monday T3 (OWOP) <-> Tuesday T8 (OWOP)
Swapped B5B Monday T3 (OWOP) <-> Friday T1 (Social Studies)
Swapped B5B Monday T3 (Social Studies) <-> Friday T3 (Creative Arts)
Swapped B5B Monday T3 (Creative Arts) <-> Tuesday T8 (OWOP)
Swapped B5B Monday T3 (OWOP) <-> Tuesday T8 (Creative Arts)
Swapped B5B Monday T1 (English) <-> Wednesday T1 (English)
Swapped B5B Monday T1 (English) <-> Tuesday T2 (English)
Swapped B5B Monday T1 (English) <-> Thursday T1 (English)
Swapped B5B Monday T1 (English) <-> Friday T8 (English)
Swapped B5B Monday T2 (Mathematics) <-> Wednesday T2 (Mathematics)
Swapped B5B Monday T2 (Mathematics) <-> Tuesday T3 (Mathematics)
Swapped B5B Monday T2 (Mathematics) <-> Thursday T2 (Mathematics)
Swapped B5B Monday T2 (Mathematics) <-> Friday T6 (Mathematics)
Swapped B5B Monday T3 (Creative Arts) <-> Thursday T5 (Creative Arts)
Swapped B5B Monday T3 (Creative Arts) <-> Friday T1 (OWOP)
Swapped B5B Monday T3 (OWOP) <-> Thursday T5 (Creative Arts)
Swapped B5B Monday T3 (Creative Arts) <-> Thursday T5 (OWOP)
Swapped B5B Monday T3 (OWOP) <-> Friday T1 (Creative Arts)
Swapped B5B Monday T3 (Creative Arts) <-> Friday T3 (Social Studies)
Swapped B5B Monday T3 (Social Studies) <-> Wednesday T5 (Social Studies)
Swapped B5B Monday T3 (Social Studies) <-> Tuesday T6 (Social Studies)
Swapped B5B Monday T3 (Social Studies) <-> Friday T1 (OWOP)
Swapped B5B Monday T3 (OWOP) <-> Wednesday T5 (Social Studies)
Swapped B5B Monday T3 (Social Studies) <-> Wednesday T5 (OWOP)
Swapped B5B Monday T3 (OWOP) <-> Tuesday T8 (OWOP)
Swapped B5B Monday T3 (OWOP) <-> Friday T1 (Social Studies)
Swapped B5B Monday T1 (English) <-> Wednesday T1 (English)
Swapped B5B Monday T1 (English) <-> Tuesday T2 (English)
Swapped B5B Monday T1 (English) <-> Thursday T1 (English)
Swapped B5B Monday T1 (English) <-> Friday T8 (English)
Swapped B5B Monday T2 (Mathematics) <-> Wednesday T2 (Mathematics)
Swapped B5B Monday T2 (Mathematics) <-> Tuesday T3 (Mathematics)
Swapped B5B Monday T2 (Mathematics) <-> Thursday T2 (Mathematics)
Swapped B5B Monday T2 (Mathematics) <-> Friday T6 (Mathematics)
Swapped B5B Monday T3 (Social Studies) <-> Friday T3 (Creative Arts)
Swapped B5B Monday T3 (Creative Arts) <-> Tuesday T8 (OWOP)
Swapped B5B Monday T3 (OWOP) <-> Tuesday T8 (Creative Arts)
Swapped B5B Monday T3 (Creative Arts) <-> Thursday T5 (Creative Arts)
Swapped B5B Monday T3 (Creative Arts) <-> Friday T1 (OWOP)
Swapped B5B Monday T3 (OWOP) <-> Thursday T5 (Creative Arts)
Swapped B5B Monday T3 (Creative Arts) <-> Thursday T5 (OWOP)
Swapped B5B Monday T3 (OWOP) <-> Friday T1 (Creative Arts)
Swapped B5B Monday T3 (Creative Arts) <-> Friday T3 (Social Studies)
Swapped B5B Monday T3 (Social Studies) <-> Wednesday T5 (Social Studies)
Swapped B5B Monday T3 (Social Studies) <-> Tuesday T6 (Social Studies)
Swapped B5B Monday T3 (Social Studies) <-> Friday T1 (OWOP)
Swapped B5B Monday T3 (OWOP) <-> Wednesday T5 (Social Studies)
Swapped B5B Monday T1 (English) <-> Wednesday T1 (English)
Swapped B5B Monday T1 (English) <-> Tuesday T2 (English)
Swapped B5B Monday T1 (English) <-> Thursday T1 (English)
Swapped B5B Monday T1 (English) <-> Friday T8 (English)
Swapped B5B Monday T2 (Mathematics) <-> Wednesday T2 (Mathematics)
Swapped B5B Monday T2 (Mathematics) <-> Tuesday T3 (Mathematics)
Swapped B5B Monday T2 (Mathematics) <-> Thursday T2 (Mathematics)
Swapped B5B Monday T2 (Mathematics) <-> Friday T6 (Mathematics)
Swapped B5B Monday T3 (Social Studies) <-> Wednesday T5 (OWOP)
Swapped B5B Monday T3 (OWOP) <-> Tuesday T8 (OWOP)
Swapped B5B Monday T3 (OWOP) <-> Friday T1 (Social Studies)
Swapped B5B Monday T3 (Social Studies) <-> Friday T3 (Creative Arts)
Swapped B5B Monday T3 (Creative Arts) <-> Tuesday T8 (OWOP)
Swapped B5B Monday T3 (OWOP) <-> Tuesday T8 (Creative Arts)
Swapped B5B Monday T3 (Creative Arts) <-> Thursday T5 (Creative Arts)
Swapped B5B Monday T3 (Creative Arts) <-> Friday T1 (OWOP)
Swapped B5B Monday T3 (OWOP) <-> Thursday T5 (Creative Arts)
Swapped B5B Monday T3 (Creative Arts) <-> Thursday T5 (OWOP)
Swapped B5B Monday T3 (OWOP) <-> Friday T1 (Creative Arts)
Swapped B5B Monday T3 (Creative Arts) <-> Friday T3 (Social Studies)
Swapped B5B Monday T3 (Social Studies) <-> Wednesday T5 (Social Studies)
Swapped B5B Monday T1 (English) <-> Wednesday T1 (English)
Swapped B5B Monday T1 (English) <-> Tuesday T2 (English)
Swapped B5B Monday T1 (English) <-> Thursday T1 (English)
Swapped B5B Monday T1 (English) <-> Friday T8 (English)
Swapped B5B Monday T2 (Mathematics) <-> Wednesday T2 (Mathematics)
Swapped B5B Monday T2 (Mathematics) <-> Tuesday T3 (Mathematics)
Swapped B5B Monday T2 (Mathematics) <-> Thursday T2 (Mathematics)
No repairs applied (LNS phase may still have operated).

Replaced B2B Monday T1: OWOP -> Science – Mrs. Charity Hayford
Swapped B2B Monday T1 (Science) <-> Friday T6 (OWOP)
Swapped B2B Monday T6 (RME) <-> Friday T6 (Science)
Swapped B1 Tuesday T2 (Twi) <-> Thursday T3 (Mathematics)
Replaced B5A Wednesday T1: Social Studies -> English – Mr. Mark Mossie
Replaced B5A Wednesday T1: English -> Science – Mr. Enoch Asare
Swapped B5B Monday T1 (English) <-> Wednesday T1 (English)
Swapped B5B Monday T1 (English) <-> Tuesday T2 (English)
Swapped B5B Monday T1 (English) <-> Thursday T1 (English)
Swapped B5B Monday T1 (English) <-> Friday T8 (English)
Swapped B5B Monday T2 (Mathematics) <-> Wednesday T2 (Mathematics)
Swapped B5B Monday T2 (Mathematics) <-> Tuesday T3 (Mathematics)
Swapped B5B Monday T2 (Mathematics) <-> Thursday T2 (Mathematics)
Swapped B5B Monday T2 (Mathematics) <-> Friday T6 (Mathematics)
Swapped B5B Monday T3 (Social Studies) <-> Wednesday T5 (Social Studies)
Swapped B5B Monday T3 (Social Studies) <-> Tuesday T6 (Social Studies)
Swapped B5B Monday T3 (Social Studies) <-> Friday T1 (OWOP)
Swapped B5B Monday T3 (OWOP) <-> Wednesday T5 (Social Studies)
Swapped B5B Monday T3 (Social Studies) <-> Wednesday T5 (OWOP)
Swapped B5B Monday T3 (OWOP) <-> Tuesday T8 (OWOP)
Swapped B5B Monday T3 (OWOP) <-> Friday T1 (Social Studies)
Swapped B5B Monday T3 (Social Studies) <-> Friday T3 (Creative Arts)
Swapped B5B Monday T3 (Creative Arts) <-> Tuesday T8 (OWOP)
Swapped B5B Monday T3 (OWOP) <-> Tuesday T8 (Creative Arts)
Swapped B5B Monday T3 (Creative Arts) <-> Thursday T5 (Creative Arts)
Swapped B5B Monday T3 (Creative Arts) <-> Friday T1 (OWOP)
Swapped B5B Monday T3 (OWOP) <-> Thursday T5 (Creative Arts)
Swapped B5B Monday T1 (English) <-> Wednesday T1 (English)
Swapped B5B Monday T1 (English) <-> Tuesday T2 (English)
Swapped B5B Monday T1 (English) <-> Thursday T1 (English)
Swapped B5B Monday T1 (English) <-> Friday T8 (English)
Swapped B5B Monday T2 (Mathematics) <-> Wednesday T2 (Mathematics)
Swapped B5B Monday T2 (Mathematics) <-> Tuesday T3 (Mathematics)
Swapped B5B Monday T2 (Mathematics) <-> Thursday T2 (Mathematics)
Swapped B5B Monday T2 (Mathematics) <-> Friday T6 (Mathematics)
Swapped B5B Monday T3 (Creative Arts) <-> Thursday T5 (OWOP)
Swapped B5B Monday T3 (OWOP) <-> Friday T1 (Creative Arts)
Swapped B5B Monday T3 (Creative Arts) <-> Friday T3 (Social Studies)
Swapped B5B Monday T3 (Social Studies) <-> Wednesday T5 (Social Studies)
Swapped B5B Monday T3 (Social Studies) <-> Tuesday T6 (Social Studies)
Swapped B5B Monday T3 (Social Studies) <-> Friday T1 (OWOP)
Swapped B5B Monday T3 (OWOP) <-> Wednesday T5 (Social Studies)
Swapped B5B Monday T3 (Social Studies) <-> Wednesday T5 (OWOP)
Swapped B5B Monday T3 (OWOP) <-> Tuesday T8 (OWOP)
Swapped B5B Monday T3 (OWOP) <-> Friday T1 (Social Studies)
Swapped B5B Monday T3 (Social Studies) <-> Friday T3 (Creative Arts)
Swapped B5B Monday T3 (Creative Arts) <-> Tuesday T8 (OWOP)
Swapped B5B Monday T3 (OWOP) <-> Tuesday T8 (Creative Arts)
Swapped B5B Monday T1 (English) <-> Wednesday T1 (English)
Swapped B5B Monday T1 (English) <-> Tuesday T2 (English)
Swapped B5B Monday T1 (English) <-> Thursday T1 (English)
Swapped B5B Monday T1 (English) <-> Friday T8 (English)
Swapped B5B Monday T2 (Mathematics) <-> Wednesday T2 (Mathematics)
Swapped B5B Monday T2 (Mathematics) <-> Tuesday T3 (Mathematics)
Swapped B5B Monday T2 (Mathematics) <-> Thursday T2 (Mathematics)
Swapped B5B Monday T2 (Mathematics) <-> Friday T6 (Mathematics)
Swapped B5B Monday T3 (Creative Arts) <-> Thursday T5 (Creative Arts)
Swapped B5B Monday T3 (Creative Arts) <-> Friday T1 (OWOP)
Swapped B5B Monday T3 (OWOP) <-> Thursday T5 (Creative Arts)
Swapped B5B Monday T3 (Creative Arts) <-> Thursday T5 (OWOP)
Swapped B5B Monday T3 (OWOP) <-> Friday T1 (Creative Arts)
Swapped B5B Monday T3 (Creative Arts) <-> Friday T3 (Social Studies)
Swapped B5B Monday T3 (Social Studies) <-> Wednesday T5 (Social Studies)
Swapped B5B Monday T3 (Social Studies) <-> Tuesday T6 (Social Studies)
Swapped B5B Monday T3 (Social Studies) <-> Friday T1 (OWOP)
Swapped B5B Monday T3 (OWOP) <-> Wednesday T5 (Social Studies)
Swapped B5B Monday T3 (Social Studies) <-> Wednesday T5 (OWOP)
Swapped B5B Monday T3 (OWOP) <-> Tuesday T8 (OWOP)
Swapped B5B Monday T3 (OWOP) <-> Friday T1 (Social Studies)
Swapped B5B Monday T1 (English) <-> Wednesday T1 (English)
Swapped B5B Monday T1 (English) <-> Tuesday T2 (English)
Swapped B5B Monday T1 (English) <-> Thursday T1 (English)
Swapped B5B Monday T1 (English) <-> Friday T8 (English)
Swapped B5B Monday T2 (Mathematics) <-> Wednesday T2 (Mathematics)
Swapped B5B Monday T2 (Mathematics) <-> Tuesday T3 (Mathematics)
Swapped B5B Monday T2 (Mathematics) <-> Thursday T2 (Mathematics)
Swapped B5B Monday T2 (Mathematics) <-> Friday T6 (Mathematics)
Swapped B5B Monday T3 (Social Studies) <-> Friday T3 (Creative Arts)
Swapped B5B Monday T3 (Creative Arts) <-> Tuesday T8 (OWOP)
Swapped B5B Monday T3 (OWOP) <-> Tuesday T8 (Creative Arts)
Swapped B5B Monday T3 (Creative Arts) <-> Thursday T5 (Creative Arts)
Swapped B5B Monday T3 (Creative Arts) <-> Friday T1 (OWOP)
Swapped B5B Monday T3 (OWOP) <-> Thursday T5 (Creative Arts)
Swapped B5B Monday T3 (Creative Arts) <-> Thursday T5 (OWOP)
Swapped B5B Monday T3 (OWOP) <-> Friday T1 (Creative Arts)
Swapped B5B Monday T3 (Creative Arts) <-> Friday T3 (Social Studies)
Swapped B5B Monday T3 (Social Studies) <-> Wednesday T5 (Social Studies)
Swapped B5B Monday T3 (Social Studies) <-> Tuesday T6 (Social Studies)
Swapped B5B Monday T3 (Social Studies) <-> Friday T1 (OWOP)
Swapped B5B Monday T3 (OWOP) <-> Wednesday T5 (Social Studies)
Swapped B5B Monday T1 (English) <-> Wednesday T1 (English)
Swapped B5B Monday T1 (English) <-> Tuesday T2 (English)
Swapped B5B Monday T1 (English) <-> Thursday T1 (English)
Swapped B5B Monday T1 (English) <-> Friday T8 (English)
Swapped B5B Monday T2 (Mathematics) <-> Wednesday T2 (Mathematics)
Swapped B5B Monday T2 (Mathematics) <-> Tuesday T3 (Mathematics)
Swapped B5B Monday T2 (Mathematics) <-> Thursday T2 (Mathematics)
Swapped B5B Monday T2 (Mathematics) <-> Friday T6 (Mathematics)
Swapped B5B Monday T3 (Social Studies) <-> Wednesday T5 (OWOP)
Swapped B5B Monday T3 (OWOP) <-> Tuesday T8 (OWOP)
Swapped B5B Monday T3 (OWOP) <-> Friday T1 (Social Studies)
Swapped B5B Monday T3 (Social Studies) <-> Friday T3 (Creative Arts)
Swapped B5B Monday T3 (Creative Arts) <-> Tuesday T8 (OWOP)
Swapped B5B Monday T3 (OWOP) <-> Tuesday T8 (Creative Arts)
Swapped B5B Monday T3 (Creative Arts) <-> Thursday T5 (Creative Arts)
Swapped B5B Monday T3 (Creative Arts) <-> Friday T1 (OWOP)
Swapped B5B Monday T3 (OWOP) <-> Thursday T5 (Creative Arts)
Swapped B5B Monday T3 (Creative Arts) <-> Thursday T5 (OWOP)
Swapped B5B Monday T3 (OWOP) <-> Friday T1 (Creative Arts)
Swapped B5B Monday T3 (Creative Arts) <-> Friday T3 (Social Studies)
Swapped B5B Monday T3 (Social Studies) <-> Wednesday T5 (Social Studies)
Swapped B5B Monday T1 (English) <-> Wednesday T1 (English)
Swapped B5B Monday T1 (English) <-> Tuesday T2 (English)
Swapped B5B Monday T1 (English) <-> Thursday T1 (English)
Swapped B5B Monday T1 (English) <-> Friday T8 (English)
Swapped B5B Monday T2 (Mathematics) <-> Wednesday T2 (Mathematics)
Swapped B5B Monday T2 (Mathematics) <-> Tuesday T3 (Mathematics)
Swapped B5B Monday T2 (Mathematics) <-> Thursday T2 (Mathematics)
Swapped B5B Monday T2 (Mathematics) <-> Friday T6 (Mathematics)
Swapped B5B Monday T3 (Social Studies) <-> Tuesday T6 (Social Studies)
Swapped B5B Monday T3 (Social Studies) <-> Friday T1 (OWOP)
Swapped B5B Monday T3 (OWOP) <-> Wednesday T5 (Social Studies)
Swapped B5B Monday T3 (Social Studies) <-> Wednesday T5 (OWOP)
No repairs applied (LNS phase may still have operated).

Replaced B5A Wednesday T1: Science -> English – Mr. Mark Mossie
Replaced B5A Wednesday T1: English -> Social Studies – Mr. Mark Mossie
Swapped B5B Monday T1 (English) <-> Wednesday T1 (English)
Swapped B5B Monday T1 (English) <-> Tuesday T2 (English)
Swapped B5B Monday T1 (English) <-> Thursday T1 (English)
Swapped B5B Monday T1 (English) <-> Friday T8 (English)
Swapped B5B Monday T2 (Mathematics) <-> Wednesday T2 (Mathematics)
Swapped B5B Monday T2 (Mathematics) <-> Tuesday T3 (Mathematics)
Swapped B5B Monday T2 (Mathematics) <-> Thursday T2 (Mathematics)
Swapped B5B Monday T2 (Mathematics) <-> Friday T6 (Mathematics)
Swapped B5B Monday T3 (OWOP) <-> Wednesday T5 (Social Studies)
Swapped B5B Monday T3 (Social Studies) <-> Wednesday T5 (OWOP)
Swapped B5B Monday T3 (OWOP) <-> Tuesday T8 (OWOP)
Swapped B5B Monday T3 (OWOP) <-> Friday T1 (Social Studies)
Swapped B5B Monday T3 (Social Studies) <-> Wednesday T5 (Social Studies)
Swapped B5B Monday T3 (Social Studies) <-> Tuesday T6 (Social Studies)
Swapped B5B Monday T3 (Social Studies) <-> Friday T1 (OWOP)
Swapped B5B Monday T3 (OWOP) <-> Friday T3 (Creative Arts)
Swapped B5B Monday T3 (Creative Arts) <-> Tuesday T6 (Social Studies)
Swapped B5B Monday T3 (Social Studies) <-> Tuesday T6 (Creative Arts)
Swapped B5B Monday T3 (Creative Arts) <-> Thursday T5 (Creative Arts)
Swapped B5B Monday T3 (Creative Arts) <-> Friday T1 (Social Studies)
Swapped B5B Monday T3 (Social Studies) <-> Friday T1 (Creative Arts)
Swapped B5B Monday T1 (English) <-> Wednesday T1 (English)
Swapped B5B Monday T1 (English) <-> Tuesday T2 (English)
Swapped B5B Monday T1 (English) <-> Thursday T1 (English)
Swapped B5B Monday T1 (English) <-> Friday T8 (English)
Swapped B5B Monday T2 (Mathematics) <-> Wednesday T2 (Mathematics)
Swapped B5B Monday T2 (Mathematics) <-> Tuesday T3 (Mathematics)
Swapped B5B Monday T2 (Mathematics) <-> Thursday T2 (Mathematics)
Swapped B5B Monday T2 (Mathematics) <-> Friday T6 (Mathematics)
Swapped B5B Monday T3 (Creative Arts) <-> Friday T3 (OWOP)
Swapped B5B Monday T3 (OWOP) <-> Wednesday T5 (Social Studies)
Swapped B5B Monday T3 (Social Studies) <-> Wednesday T5 (OWOP)
Swapped B5B Monday T3 (OWOP) <-> Tuesday T8 (OWOP)
Swapped B5B Monday T3 (OWOP) <-> Friday T1 (Social Studies)
Swapped B5B Monday T3 (Social Studies) <-> Wednesday T5 (Social Studies)
Swapped B5B Monday T3 (Social Studies) <-> Tuesday T6 (Social Studies)
Swapped B5B Monday T3 (Social Studies) <-> Friday T1 (OWOP)
Swapped B5B Monday T3 (OWOP) <-> Friday T3 (Creative Arts)
Swapped B5B Monday T3 (Creative Arts) <-> Tuesday T6 (Social Studies)
Swapped B5B Monday T3 (Social Studies) <-> Tuesday T6 (Creative Arts)
Swapped B5B Monday T3 (Creative Arts) <-> Thursday T5 (Creative Arts)
Swapped B5B Monday T3 (Creative Arts) <-> Friday T1 (Social Studies)
Swapped B5B Monday T1 (English) <-> Wednesday T1 (English)
Swapped B5B Monday T1 (English) <-> Tuesday T2 (English)
Swapped B5B Monday T1 (English) <-> Thursday T1 (English)
Swapped B5B Monday T1 (English) <-> Friday T8 (English)
Swapped B5B Monday T2 (Mathematics) <-> Wednesday T2 (Mathematics)
Swapped B5B Monday T2 (Mathematics) <-> Tuesday T3 (Mathematics)
Swapped B5B Monday T2 (Mathematics) <-> Thursday T2 (Mathematics)
Swapped B5B Monday T2 (Mathematics) <-> Friday T6 (Mathematics)
Swapped B5B Monday T3 (Social Studies) <-> Friday T1 (Creative Arts)
Swapped B5B Monday T3 (Creative Arts) <-> Friday T3 (OWOP)
Swapped B5B Monday T3 (OWOP) <-> Wednesday T5 (Social Studies)
Swapped B5B Monday T3 (Social Studies) <-> Wednesday T5 (OWOP)
Swapped B5B Monday T3 (OWOP) <-> Tuesday T8 (OWOP)
Swapped B5B Monday T3 (OWOP) <-> Friday T1 (Social Studies)
Swapped B5B Monday T3 (Social Studies) <-> Wednesday T5 (Social Studies)
Swapped B5B Monday T3 (Social Studies) <-> Tuesday T6 (Social Studies)
Swapped B5B Monday T3 (Social Studies) <-> Friday T1 (OWOP)
Swapped B5B Monday T3 (OWOP) <-> Friday T3 (Creative Arts)
Swapped B5B Monday T3 (Creative Arts) <-> Tuesday T6 (Social Studies)
Swapped B5B Monday T3 (Social Studies) <-> Tuesday T6 (Creative Arts)
Swapped B5B Monday T3 (Creative Arts) <-> Thursday T5 (Creative Arts)
Swapped B5B Monday T1 (English) <-> Wednesday T1 (English)
Swapped B5B Monday T1 (English) <-> Tuesday T2 (English)
Swapped B5B Monday T1 (English) <-> Thursday T1 (English)
Swapped B5B Monday T1 (English) <-> Friday T8 (English)
Swapped B5B Monday T2 (Mathematics) <-> Wednesday T2 (Mathematics)
Swapped B5B Monday T2 (Mathematics) <-> Tuesday T3 (Mathematics)
Swapped B5B Monday T2 (Mathematics) <-> Thursday T2 (Mathematics)
Swapped B5B Monday T2 (Mathematics) <-> Friday T6 (Mathematics)
Swapped B5B Monday T3 (Creative Arts) <-> Friday T1 (Social Studies)
Swapped B5B Monday T3 (Social Studies) <-> Friday T1 (Creative Arts)
Swapped B5B Monday T3 (Creative Arts) <-> Friday T3 (OWOP)
Swapped B5B Monday T3 (OWOP) <-> Wednesday T5 (Social Studies)
Swapped B5B Monday T3 (Social Studies) <-> Wednesday T5 (OWOP)
Swapped B5B Monday T3 (OWOP) <-> Tuesday T8 (OWOP)
Swapped B5B Monday T3 (OWOP) <-> Friday T1 (Social Studies)
Swapped B5B Monday T3 (Social Studies) <-> Wednesday T5 (Social Studies)
Swapped B5B Monday T3 (Social Studies) <-> Tuesday T6 (Social Studies)
Swapped B5B Monday T3 (Social Studies) <-> Friday T1 (OWOP)
Swapped B5B Monday T3 (OWOP) <-> Friday T3 (Creative Arts)
Swapped B5B Monday T3 (Creative Arts) <-> Tuesday T6 (Social Studies)
Swapped B5B Monday T3 (Social Studies) <-> Tuesday T6 (Creative Arts)
Swapped B5B Monday T1 (English) <-> Wednesday T1 (English)
Swapped B5B Monday T1 (English) <-> Tuesday T2 (English)
Swapped B5B Monday T1 (English) <-> Thursday T1 (English)
Swapped B5B Monday T1 (English) <-> Friday T8 (English)
Swapped B5B Monday T2 (Mathematics) <-> Wednesday T2 (Mathematics)
Swapped B5B Monday T2 (Mathematics) <-> Tuesday T3 (Mathematics)
Swapped B5B Monday T2 (Mathematics) <-> Thursday T2 (Mathematics)
Swapped B5B Monday T2 (Mathematics) <-> Friday T6 (Mathematics)
Swapped B5B Monday T3 (Creative Arts) <-> Thursday T5 (Creative Arts)
Swapped B5B Monday T3 (Creative Arts) <-> Friday T1 (Social Studies)
Swapped B5B Monday T3 (Social Studies) <-> Friday T1 (Creative Arts)
Swapped B5B Monday T3 (Creative Arts) <-> Friday T3 (OWOP)
Swapped B5B Monday T3 (OWOP) <-> Wednesday T5 (Social Studies)
Swapped B5B Monday T3 (Social Studies) <-> Wednesday T5 (OWOP)
Swapped B5B Monday T3 (OWOP) <-> Tuesday T8 (OWOP)
Swapped B5B Monday T3 (OWOP) <-> Friday T1 (Social Studies)
Swapped B5B Monday T3 (Social Studies) <-> Wednesday T5 (Social Studies)
Swapped B5B Monday T3 (Social Studies) <-> Tuesday T6 (Social Studies)
Swapped B5B Monday T3 (Social Studies) <-> Friday T1 (OWOP)
Swapped B5B Monday T3 (OWOP) <-> Friday T3 (Creative Arts)
Swapped B5B Monday T3 (Creative Arts) <-> Tuesday T6 (Social Studies)
Swapped B5B Monday T1 (English) <-> Wednesday T1 (English)
Swapped B5B Monday T1 (English) <-> Tuesday T2 (English)
Swapped B5B Monday T1 (English) <-> Thursday T1 (English)
Swapped B5B Monday T1 (English) <-> Friday T8 (English)
Swapped B5B Monday T2 (Mathematics) <-> Wednesday T2 (Mathematics)
Swapped B5B Monday T2 (Mathematics) <-> Tuesday T3 (Mathematics)
Swapped B5B Monday T2 (Mathematics) <-> Thursday T2 (Mathematics)
Swapped B5B Monday T2 (Mathematics) <-> Friday T6 (Mathematics)
Swapped B5B Monday T3 (Social Studies) <-> Tuesday T6 (Creative Arts)
Swapped B5B Monday T3 (Creative Arts) <-> Thursday T5 (Creative Arts)
Swapped B5B Monday T3 (Creative Arts) <-> Friday T1 (Social Studies)
Swapped B5B Monday T3 (Social Studies) <-> Friday T1 (Creative Arts)
Swapped B5B Monday T3 (Creative Arts) <-> Friday T3 (OWOP)
Swapped B5B Monday T3 (OWOP) <-> Wednesday T5 (Social Studies)
Swapped B5B Monday T3 (Social Studies) <-> Wednesday T5 (OWOP)
No repairs applied (LNS phase may still have operated).