Seed:
Seeded Break/Lunch across all grades and days.
Seeded Extra Curricular in T9 on Friday only.
Seeded P.E. on Friday with distinct periods per segment.
Seeded Twi (B7–B9) on Wed/Fri with staggering.
Seeded B9 English double periods on Wed/Fri (T5+T6).
Seeded UCMAS once/week (Tue) with gaps across classes.

Fill:
Filled remaining slots with quota-aware incremental placement.

Enforced seed: B9 Friday T9 -> English – Mr. Bright Dey
Filled empty B2B Thursday T9 with RME – Mr. Benjamin Samaglo
Filled empty B2B Tuesday T9 with RME – Mr. Benjamin Samaglo
Filled empty B2B Wednesday T9 with RME – Mr. Benjamin Samaglo
Filled empty B2B Monday T9 with Social Studies – Mrs. Charity Hayford
Filled empty B6A Thursday T9 with RME – Mr. Kumah
Filled empty B6A Tuesday T9 with French – Md. Jennifer
Filled empty B6A Wednesday T9 with RME – Mr. Kumah
Filled empty B6A Monday T9 with Social Studies – Mr. Samuel Ntiamoah
Filled empty B5B Thursday T9 with Social Studies – Mr. Enoch Asare
Filled empty B5B Tuesday T9 with Social Studies – Mr. Enoch Asare
Filled empty B5B Wednesday T9 with Mathematics – Mr. Norbert Noble Nkrumah
Filled empty B5B Monday T9 with French – Mr. Desiré Folly
Filled empty B9 Thursday T9 with Creative Arts – Mr. Solomon
Filled empty B9 Tuesday T9 with Computing – Mr. Bright Kissi
Filled empty B9 Wednesday T9 with Computing – Mr. Bright Kissi
Filled empty B9 Monday T9 with Creative Arts – Mr. Solomon
Replaced B9 Friday T1: Science -> Computing – Mr. Bright Kissi
Swapped B9 Thursday T5 (Career Tech/Pre-tech) <-> Monday T5 (RME)
Filled empty B4B Thursday T9 with French – Mr. Desiré Folly
Filled empty B4B Tuesday T9 with RME – Mr. Cyril Anani
Filled empty B4B Wednesday T9 with RME – Mr. Enoch Asare
Filled empty B4B Monday T9 with RME – Mr. Enoch Asare
Swapped B4B Tuesday T2 (Computing) <-> Friday T3 (Mathematics)
Swapped B4B Monday T3 (Mathematics) <-> Friday T6 (OWOP)
Filled empty B8A Thursday T9 with Mathematics – Mr. Samuel Adu Allert
Filled empty B8A Tuesday T9 with RME – Mr. Kumah
Filled empty B8A Wednesday T9 with English – Mr. Bright Dey
Filled empty B8A Monday T9 with RME – Mr. Kumah
Replaced B8A Wednesday T1: Mathematics -> RME – Mr. Kumah
Filled empty B7A Thursday T9 with Science – Mr. Raymond
Filled empty B7A Tuesday T9 with Science – Mr. Raymond
Filled empty B7A Wednesday T9 with Mathematics – Mr. Samuel Adu Allert
Filled empty B7A Monday T9 with French – Md. Jennifer
Filled empty B5A Thursday T9 with Mathematics – Mr. Norbert Noble Nkrumah
Filled empty B5A Tuesday T9 with Mathematics – Mr. Norbert Noble Nkrumah
Filled empty B5A Wednesday T9 with Social Studies – Mr. Mark Mossie
Filled empty B5A Monday T9 with Computing – Mr. Bright Kissi
Replaced B5A Thursday T1: Social Studies -> Science – Mr. Enoch Asare
Swapped B5A Thursday T2 (OWOP) <-> Friday T8 (Social Studies)
Swapped B5A Tuesday T2 (OWOP) <-> Wednesday T1 (RME)
Swapped B5A Friday T6 (Twi) <-> Monday T9 (Computing)
Filled empty B4A Thursday T9 with Science – Miss Anita Twumasi
Filled empty B4A Tuesday T9 with Science – Miss Anita Twumasi
Filled empty B4A Wednesday T9 with Science – Miss Anita Twumasi
Filled empty B4A Monday T9 with RME – Miss Anita Twumasi
Replaced B4A Thursday T1: Computing -> Mathematics – Miss Anita Twumasi
Swapped B4A Tuesday T6 (OWOP) <-> Friday T3 (Mathematics)
Filled empty B6B Thursday T9 with Social Studies – Mr. Samuel Ntiamoah
Filled empty B6B Tuesday T9 with Mathematics – Mr. Samuel Adu Allert
Filled empty B6B Wednesday T9 with Social Studies – Mr. Samuel Ntiamoah
Filled empty B6B Monday T9 with Computing – Mr. Bright Kissi
Replaced B6B Thursday T6: OWOP -> Science – Mr. Raymond
Filled empty B2A Thursday T9 with Social Studies – Mr. Isaac Appiah
Filled empty B2A Tuesday T9 with Science – Mr. Isaac Appiah
Filled empty B2A Wednesday T9 with Mathematics – Mr. Isaac Appiah
Filled empty B2A Monday T9 with Computing – Mr. Benjamin Samaglo
Replaced B2A Thursday T1: OWOP -> Computing – Mr. Benjamin Samaglo
Swapped B2A Tuesday T2 (English) <-> Friday T6 (Computing)
Filled empty B8B Thursday T9 with Computing – Mr. Bright Kissi
Filled empty B8B Tuesday T9 with Creative Arts – Mr. Solomon
Filled empty B8B Wednesday T9 with French – Md. Jennifer
Filled empty B8B Monday T9 with Career Tech/Pre-tech – Mr. Amanor
Replaced B8B Tuesday T3: French -> Science – Mr. Raymond
Replaced B8B Thursday T3: Mathematics -> RME – Mr. Kumah
Filled empty B7B Thursday T9 with French – Md. Jennifer
Filled empty B7B Tuesday T9 with Social Studies – Mr. Samuel Ntiamoah
Filled empty B7B Wednesday T9 with Twi – Mrs. Cecilia Gyameah
Filled empty B7B Monday T9 with Mathematics – Mr. Samuel Adu Allert
Swapped B7B Monday T2 (French) <-> Friday T3 (RME)
Filled empty B3 Thursday T9 with RME – Mr. Welbeck Konor
Filled empty B3 Tuesday T9 with Social Studies – Mr. Welbeck Konor
Filled empty B3 Wednesday T9 with Creative Arts – Mr. Welbeck Konor
Filled empty B3 Monday T9 with Creative Arts – Mr. Welbeck Konor
Replaced B3 Thursday T2: Mathematics -> Computing – Mr. Benjamin Samaglo
Swapped B3 Tuesday T3 (OWOP) <-> Wednesday T6 (French)
Filled empty B1 Thursday T9 with Creative Arts – Mrs. Theodora Amoah
Filled empty B1 Tuesday T9 with RME – Mrs. Theodora Amoah
Filled empty B1 Wednesday T9 with RME – Mrs. Theodora Amoah
Filled empty B1 Monday T9 with RME – Mrs. Theodora Amoah
Replaced B1 Thursday T6: RME -> Computing – Mr. Benjamin Samaglo
Swapped B2B Thursday T1 (English) <-> Tuesday T1 (English)
Swapped B2B Thursday T1 (English) <-> Wednesday T1 (English)
Swapped B2B Thursday T1 (English) <-> Monday T1 (English)
Swapped B2B Thursday T1 (English) <-> Friday T8 (English)
Swapped B2B Thursday T2 (Mathematics) <-> Tuesday T2 (Mathematics)
Swapped B2B Thursday T2 (Mathematics) <-> Wednesday T2 (Mathematics)
Swapped B2B Thursday T2 (Mathematics) <-> Monday T2 (Mathematics)
Swapped B2B Thursday T2 (Mathematics) <-> Friday T5 (OWOP)
Swapped B2B Thursday T2 (OWOP) <-> Tuesday T2 (Mathematics)
Swapped B2B Thursday T2 (Mathematics) <-> Tuesday T2 (OWOP)
Swapped B2B Thursday T2 (OWOP) <-> Monday T6 (OWOP)
Swapped B2B Thursday T3 (Science) <-> Tuesday T3 (Science)
Swapped B2B Thursday T3 (Science) <-> Wednesday T3 (Science)
Swapped B2B Thursday T3 (Science) <-> Monday T3 (Science)
Swapped B2B Thursday T3 (Science) <-> Friday T5 (Mathematics)
Swapped B2B Thursday T2 (OWOP) <-> Tuesday T3 (Science)
Swapped B2B Thursday T2 (Science) <-> Wednesday T3 (Science)
Swapped B2B Thursday T2 (Science) <-> Monday T3 (Science)
Swapped B2B Thursday T2 (Science) <-> Friday T5 (Science)
Swapped B2B Thursday T3 (Mathematics) <-> Tuesday T2 (Mathematics)
Swapped B2B Thursday T3 (Mathematics) <-> Wednesday T2 (Mathematics)
Swapped B2B Thursday T1 (English) <-> Tuesday T1 (English)
Swapped B2B Thursday T1 (English) <-> Wednesday T1 (English)
Swapped B2B Thursday T1 (English) <-> Monday T1 (English)
Swapped B2B Thursday T1 (English) <-> Friday T8 (English)
Swapped B2B Thursday T3 (Mathematics) <-> Monday T2 (Mathematics)
Swapped B2B Thursday T3 (Mathematics) <-> Friday T6 (Creative Arts)
Swapped B2B Thursday T3 (Creative Arts) <-> Tuesday T2 (Mathematics)
Swapped B2B Thursday T2 (Science) <-> Tuesday T2 (Creative Arts)
Swapped B2B Thursday T2 (Creative Arts) <-> Tuesday T2 (Science)
Swapped B2B Thursday T3 (Mathematics) <-> Tuesday T3 (OWOP)
Swapped B2B Thursday T3 (OWOP) <-> Tuesday T2 (Creative Arts)
Swapped B2B Thursday T2 (Science) <-> Tuesday T2 (OWOP)
Swapped B2B Thursday T2 (OWOP) <-> Tuesday T2 (Science)
Swapped B2B Thursday T3 (Creative Arts) <-> Tuesday T2 (OWOP)
Swapped B2B Thursday T3 (OWOP) <-> Tuesday T3 (Mathematics)
Swapped B2B Thursday T3 (Mathematics) <-> Friday T6 (Mathematics)
Swapped B2B Thursday T2 (Science) <-> Wednesday T3 (Science)
Swapped B2B Thursday T2 (Science) <-> Monday T3 (Science)
Swapped B2B Thursday T2 (Science) <-> Friday T5 (Science)
Swapped B2B Thursday T5 (Social Studies) <-> Tuesday T6 (Social Studies)
Swapped B2B Thursday T3 (Mathematics) <-> Wednesday T2 (Mathematics)
Swapped B2B Thursday T1 (English) <-> Tuesday T1 (English)
Swapped B2B Thursday T1 (English) <-> Wednesday T1 (English)
Swapped B2B Thursday T1 (English) <-> Monday T1 (English)
Swapped B2B Thursday T1 (English) <-> Friday T8 (English)
Swapped B2B Thursday T3 (Mathematics) <-> Monday T2 (Mathematics)
Swapped B2B Thursday T5 (Social Studies) <-> Wednesday T6 (Social Studies)
Swapped B2B Thursday T5 (Social Studies) <-> Monday T9 (Social Studies)
Swapped B2B Thursday T2 (Science) <-> Tuesday T2 (Creative Arts)
Swapped B2B Thursday T2 (Creative Arts) <-> Tuesday T2 (Science)
Swapped B2B Thursday T3 (Mathematics) <-> Tuesday T3 (OWOP)
Swapped B2B Thursday T3 (OWOP) <-> Tuesday T2 (Creative Arts)
Swapped B2B Thursday T2 (Science) <-> Tuesday T2 (OWOP)
Swapped B2B Thursday T2 (OWOP) <-> Tuesday T2 (Science)
Swapped B2B Thursday T3 (Creative Arts) <-> Tuesday T2 (OWOP)
Swapped B2B Thursday T3 (OWOP) <-> Tuesday T3 (Mathematics)
Swapped B2B Thursday T3 (Mathematics) <-> Friday T6 (Mathematics)
Swapped B2B Thursday T2 (Science) <-> Wednesday T3 (Science)
Swapped B2B Thursday T2 (Science) <-> Monday T3 (Science)
Swapped B2B Thursday T2 (Science) <-> Friday T5 (Science)
Swapped B2B Thursday T5 (Social Studies) <-> Tuesday T6 (Social Studies)
Swapped B2B Thursday T3 (Mathematics) <-> Wednesday T2 (Mathematics)
Swapped B2B Thursday T1 (English) <-> Tuesday T1 (English)
Swapped B2B Thursday T1 (English) <-> Wednesday T1 (English)
Swapped B2B Thursday T1 (English) <-> Monday T1 (English)
Swapped B2B Thursday T1 (English) <-> Friday T8 (English)
Swapped B2B Thursday T3 (Mathematics) <-> Monday T2 (Mathematics)
Swapped B2B Thursday T5 (Social Studies) <-> Wednesday T6 (Social Studies)
Swapped B2B Thursday T5 (Social Studies) <-> Monday T9 (Social Studies)
Swapped B2B Thursday T2 (Science) <-> Tuesday T2 (Creative Arts)
Swapped B2B Thursday T2 (Creative Arts) <-> Tuesday T2 (Science)
Swapped B2B Thursday T3 (Mathematics) <-> Tuesday T3 (OWOP)
Swapped B2B Thursday T3 (OWOP) <-> Tuesday T2 (Creative Arts)
Swapped B2B Thursday T2 (Science) <-> Tuesday T2 (OWOP)
Swapped B2B Thursday T2 (OWOP) <-> Tuesday T2 (Science)
Swapped B2B Thursday T3 (Creative Arts) <-> Tuesday T2 (OWOP)
Swapped B2B Thursday T3 (OWOP) <-> Tuesday T3 (Mathematics)
Swapped B2B Thursday T3 (Mathematics) <-> Friday T6 (Mathematics)
Swapped B2B Thursday T2 (Science) <-> Wednesday T3 (Science)
Swapped B2B Thursday T2 (Science) <-> Monday T3 (Science)
Swapped B2B Thursday T2 (Science) <-> Friday T5 (Science)
Swapped B2B Thursday T5 (Social Studies) <-> Tuesday T6 (Social Studies)
Swapped B2B Thursday T3 (Mathematics) <-> Wednesday T2 (Mathematics)
Swapped B2B Thursday T1 (English) <-> Tuesday T1 (English)
Swapped B2B Thursday T1 (English) <-> Wednesday T1 (English)
Swapped B2B Thursday T1 (English) <-> Monday T1 (English)
Swapped B2B Thursday T1 (English) <-> Friday T8 (English)
Swapped B2B Thursday T3 (Mathematics) <-> Monday T2 (Mathematics)
Swapped B2B Thursday T5 (Social Studies) <-> Wednesday T6 (Social Studies)
Swapped B2B Thursday T5 (Social Studies) <-> Monday T9 (Social Studies)
Swapped B2B Thursday T2 (Science) <-> Tuesday T2 (Creative Arts)
Swapped B2B Thursday T2 (Creative Arts) <-> Tuesday T2 (Science)
Swapped B2B Thursday T3 (Mathematics) <-> Tuesday T3 (OWOP)
Swapped B2B Thursday T3 (OWOP) <-> Tuesday T2 (Creative Arts)
Swapped B2B Thursday T2 (Science) <-> Tuesday T2 (OWOP)
Swapped B2B Thursday T2 (OWOP) <-> Tuesday T2 (Science)
Swapped B2B Thursday T3 (Creative Arts) <-> Tuesday T2 (OWOP)
Swapped B2B Thursday T3 (OWOP) <-> Tuesday T3 (Mathematics)
Swapped B2B Thursday T3 (Mathematics) <-> Friday T6 (Mathematics)
Swapped B2B Thursday T2 (Science) <-> Wednesday T3 (Science)
Swapped B2B Thursday T2 (Science) <-> Monday T3 (Science)
Swapped B2B Thursday T2 (Science) <-> Friday T5 (Science)
Swapped B2B Thursday T5 (Social Studies) <-> Tuesday T6 (Social Studies)
Swapped B2B Thursday T3 (Mathematics) <-> Wednesday T2 (Mathematics)
Swapped B2B Thursday T1 (English) <-> Tuesday T1 (English)
Swapped B2B Thursday T1 (English) <-> Wednesday T1 (English)
Swapped B2B Thursday T1 (English) <-> Monday T1 (English)
Swapped B2B Thursday T1 (English) <-> Friday T8 (English)
Swapped B2B Thursday T3 (Mathematics) <-> Monday T2 (Mathematics)

Swapped B2B Tuesday T2 (Creative Arts) <-> Friday T6 (Mathematics)
Replaced B9 Friday T1: Computing -> Science – Mr. Raymond
Replaced B2A Thursday T1: Computing -> OWOP – Mr. Benjamin Samaglo
Swapped B2A Thursday T1 (OWOP) <-> Monday T9 (Computing)
Replaced B8B Thursday T3: RME -> Mathematics – Mr. Samuel Adu Allert
Replaced B3 Thursday T1: English -> Mathematics – Mr. Welbeck Konor
Swapped B3 Tuesday T1 (English) <-> Thursday T9 (RME)
Swapped B3 Friday T6 (English) <-> Tuesday T9 (Social Studies)
Swapped B2B Thursday T1 (English) <-> Tuesday T1 (English)
Swapped B2B Thursday T1 (English) <-> Wednesday T1 (English)
Swapped B2B Thursday T1 (English) <-> Monday T1 (English)
Swapped B2B Thursday T1 (English) <-> Friday T8 (English)
Swapped B2B Thursday T2 (Science) <-> Wednesday T3 (Science)
Swapped B2B Thursday T2 (Science) <-> Monday T3 (Science)
Swapped B2B Thursday T2 (Science) <-> Friday T5 (Science)
Swapped B2B Thursday T3 (Mathematics) <-> Tuesday T2 (Mathematics)
Swapped B2B Thursday T3 (Mathematics) <-> Wednesday T2 (Mathematics)
Swapped B2B Thursday T3 (Mathematics) <-> Monday T2 (Mathematics)
Swapped B2B Thursday T3 (Mathematics) <-> Friday T6 (Creative Arts)
Swapped B2B Thursday T3 (Creative Arts) <-> Tuesday T2 (Mathematics)
Swapped B2B Thursday T2 (Science) <-> Tuesday T2 (Creative Arts)
Swapped B2B Thursday T2 (Creative Arts) <-> Tuesday T2 (Science)
Swapped B2B Thursday T3 (Mathematics) <-> Tuesday T3 (OWOP)
Swapped B2B Thursday T3 (OWOP) <-> Tuesday T2 (Creative Arts)
Swapped B2B Thursday T2 (Science) <-> Tuesday T2 (OWOP)
Swapped B2B Thursday T2 (OWOP) <-> Tuesday T2 (Science)
Swapped B2B Thursday T3 (Creative Arts) <-> Tuesday T2 (OWOP)
Swapped B2B Thursday T3 (OWOP) <-> Tuesday T3 (Mathematics)
Swapped B2B Thursday T3 (Mathematics) <-> Friday T6 (Mathematics)
Swapped B2B Thursday T1 (English) <-> Tuesday T1 (English)
Swapped B2B Thursday T1 (English) <-> Wednesday T1 (English)
Swapped B2B Thursday T1 (English) <-> Monday T1 (English)
Swapped B2B Thursday T1 (English) <-> Friday T8 (English)
Swapped B2B Thursday T2 (Science) <-> Wednesday T3 (Science)
Swapped B2B Thursday T2 (Science) <-> Monday T3 (Science)
Swapped B2B Thursday T2 (Science) <-> Friday T5 (Science)
Swapped B2B Thursday T5 (Social Studies) <-> Tuesday T6 (Social Studies)
Swapped B2B Thursday T3 (Mathematics) <-> Wednesday T2 (Mathematics)
Swapped B2B Thursday T3 (Mathematics) <-> Monday T2 (Mathematics)
Swapped B2B Thursday T5 (Social Studies) <-> Wednesday T6 (Social Studies)
Swapped B2B Thursday T5 (Social Studies) <-> Monday T9 (Social Studies)
Swapped B2B Thursday T2 (Science) <-> Tuesday T2 (Creative Arts)
Swapped B2B Thursday T2 (Creative Arts) <-> Tuesday T2 (Science)
Swapped B2B Thursday T3 (Mathematics) <-> Tuesday T3 (OWOP)
Swapped B2B Thursday T3 (OWOP) <-> Tuesday T2 (Creative Arts)
Swapped B2B Thursday T2 (Science) <-> Tuesday T2 (OWOP)
Swapped B2B Thursday T2 (OWOP) <-> Tuesday T2 (Science)
Swapped B2B Thursday T3 (Creative Arts) <-> Tuesday T2 (OWOP)
Swapped B2B Thursday T3 (OWOP) <-> Tuesday T3 (Mathematics)
Swapped B2B Thursday T3 (Mathematics) <-> Friday T6 (Mathematics)
Swapped B2B Thursday T1 (English) <-> Tuesday T1 (English)
Swapped B2B Thursday T1 (English) <-> Wednesday T1 (English)
Swapped B2B Thursday T1 (English) <-> Monday T1 (English)
Swapped B2B Thursday T1 (English) <-> Friday T8 (English)
Swapped B2B Thursday T2 (Science) <-> Wednesday T3 (Science)
Swapped B2B Thursday T2 (Science) <-> Monday T3 (Science)
Swapped B2B Thursday T2 (Science) <-> Friday T5 (Science)
Swapped B2B Thursday T5 (Social Studies) <-> Tuesday T6 (Social Studies)
Swapped B2B Thursday T3 (Mathematics) <-> Wednesday T2 (Mathematics)
Swapped B2B Thursday T3 (Mathematics) <-> Monday T2 (Mathematics)
Swapped B2B Thursday T5 (Social Studies) <-> Wednesday T6 (Social Studies)
Swapped B2B Thursday T5 (Social Studies) <-> Monday T9 (Social Studies)
Swapped B2B Thursday T2 (Science) <-> Tuesday T2 (Creative Arts)
Swapped B2B Thursday T2 (Creative Arts) <-> Tuesday T2 (Science)
Swapped B2B Thursday T3 (Mathematics) <-> Tuesday T3 (OWOP)
Swapped B2B Thursday T3 (OWOP) <-> Tuesday T2 (Creative Arts)
Swapped B2B Thursday T2 (Science) <-> Tuesday T2 (OWOP)
Swapped B2B Thursday T2 (OWOP) <-> Tuesday T2 (Science)
Swapped B2B Thursday T3 (Creative Arts) <-> Tuesday T2 (OWOP)
Swapped B2B Thursday T3 (OWOP) <-> Tuesday T3 (Mathematics)
Swapped B2B Thursday T3 (Mathematics) <-> Friday T6 (Mathematics)
Swapped B2B Thursday T1 (English) <-> Tuesday T1 (English)
Swapped B2B Thursday T1 (English) <-> Wednesday T1 (English)
Swapped B2B Thursday T1 (English) <-> Monday T1 (English)
Swapped B2B Thursday T1 (English) <-> Friday T8 (English)
Swapped B2B Thursday T2 (Science) <-> Wednesday T3 (Science)
Swapped B2B Thursday T2 (Science) <-> Monday T3 (Science)
Swapped B2B Thursday T2 (Science) <-> Friday T5 (Science)
Swapped B2B Thursday T5 (Social Studies) <-> Tuesday T6 (Social Studies)
Swapped B2B Thursday T3 (Mathematics) <-> Wednesday T2 (Mathematics)
Swapped B2B Thursday T3 (Mathematics) <-> Monday T2 (Mathematics)
Swapped B2B Thursday T5 (Social Studies) <-> Wednesday T6 (Social Studies)
Swapped B2B Thursday T5 (Social Studies) <-> Monday T9 (Social Studies)
Swapped B2B Thursday T2 (Science) <-> Tuesday T2 (Creative Arts)
Swapped B2B Thursday T2 (Creative Arts) <-> Tuesday T2 (Science)
Swapped B2B Thursday T3 (Mathematics) <-> Tuesday T3 (OWOP)
Swapped B2B Thursday T3 (OWOP) <-> Tuesday T2 (Creative Arts)
Swapped B2B Thursday T2 (Science) <-> Tuesday T2 (OWOP)
Swapped B2B Thursday T2 (OWOP) <-> Tuesday T2 (Science)
Swapped B2B Thursday T3 (Creative Arts) <-> Tuesday T2 (OWOP)
Swapped B2B Thursday T3 (OWOP) <-> Tuesday T3 (Mathematics)
Swapped B2B Thursday T3 (Mathematics) <-> Friday T6 (Mathematics)
Swapped B2B Thursday T1 (English) <-> Tuesday T1 (English)
Swapped B2B Thursday T1 (English) <-> Wednesday T1 (English)
Swapped B2B Thursday T1 (English) <-> Monday T1 (English)
Swapped B2B Thursday T1 (English) <-> Friday T8 (English)
Swapped B2B Thursday T2 (Science) <-> Wednesday T3 (Science)
Swapped B2B Thursday T2 (Science) <-> Monday T3 (Science)
Swapped B2B Thursday T2 (Science) <-> Friday T5 (Science)
Swapped B2B Thursday T5 (Social Studies) <-> Tuesday T6 (Social Studies)
Swapped B2B Thursday T3 (Mathematics) <-> Wednesday T2 (Mathematics)
Swapped B2B Thursday T3 (Mathematics) <-> Monday T2 (Mathematics)
Swapped B2B Thursday T5 (Social Studies) <-> Wednesday T6 (Social Studies)
Swapped B2B Thursday T5 (Social Studies) <-> Monday T9 (Social Studies)
Swapped B2B Thursday T2 (Science) <-> Tuesday T2 (Creative Arts)
Swapped B2B Thursday T2 (Creative Arts) <-> Tuesday T2 (Science)
Swapped B2B Thursday T3 (Mathematics) <-> Tuesday T3 (OWOP)
Swapped B2B Thursday T3 (OWOP) <-> Tuesday T2 (Creative Arts)
Swapped B2B Thursday T2 (Science) <-> Tuesday T2 (OWOP)
Swapped B2B Thursday T2 (OWOP) <-> Tuesday T2 (Science)
Swapped B2B Thursday T3 (Creative Arts) <-> Tuesday T2 (OWOP)
Swapped B2B Thursday T3 (OWOP) <-> Tuesday T3 (Mathematics)
Swapped B2B Thursday T3 (Mathematics) <-> Friday T6 (Mathematics)
Swapped B2B Thursday T1 (English) <-> Tuesday T1 (English)
Swapped B2B Thursday T1 (English) <-> Wednesday T1 (English)
Swapped B2B Thursday T1 (English) <-> Monday T1 (English)
Swapped B2B Thursday T1 (English) <-> Friday T8 (English)
Swapped B2B Thursday T2 (Science) <-> Wednesday T3 (Science)
Swapped B2B Thursday T2 (Science) <-> Monday T3 (Science)
Swapped B2B Thursday T2 (Science) <-> Friday T5 (Science)
Swapped B2B Thursday T5 (Social Studies) <-> Tuesday T6 (Social Studies)
Swapped B2B Thursday T3 (Mathematics) <-> Wednesday T2 (Mathematics)
Swapped B2B Thursday T3 (Mathematics) <-> Monday T2 (Mathematics)
Swapped B2B Thursday T5 (Social Studies) <-> Wednesday T6 (Social Studies)
No repairs applied (LNS phase may still have operated).

Swapped B2B Tuesday T2 (Creative Arts) <-> Friday T6 (Mathematics)
Replaced B8B Thursday T3: Mathematics -> RME – Mr. Kumah
Swapped B2B Thursday T1 (English) <-> Tuesday T1 (English)
Swapped B2B Thursday T1 (English) <-> Wednesday T1 (English)
Swapped B2B Thursday T1 (English) <-> Monday T1 (English)
Swapped B2B Thursday T1 (English) <-> Friday T8 (English)
Swapped B2B Thursday T2 (Science) <-> Wednesday T3 (Science)
Swapped B2B Thursday T2 (Science) <-> Monday T3 (Science)
Swapped B2B Thursday T2 (Science) <-> Friday T5 (Science)
Swapped B2B Thursday T3 (Mathematics) <-> Tuesday T2 (Mathematics)
Swapped B2B Thursday T3 (Mathematics) <-> Wednesday T2 (Mathematics)
Swapped B2B Thursday T3 (Mathematics) <-> Monday T2 (Mathematics)
Swapped B2B Thursday T3 (Mathematics) <-> Friday T6 (Creative Arts)
Swapped B2B Thursday T3 (Creative Arts) <-> Tuesday T2 (Mathematics)
Swapped B2B Thursday T2 (Science) <-> Tuesday T2 (Creative Arts)
Swapped B2B Thursday T2 (Creative Arts) <-> Tuesday T2 (Science)
Swapped B2B Thursday T3 (Mathematics) <-> Tuesday T3 (OWOP)
Swapped B2B Thursday T3 (OWOP) <-> Tuesday T2 (Creative Arts)
Swapped B2B Thursday T2 (Science) <-> Tuesday T2 (OWOP)
Swapped B2B Thursday T2 (OWOP) <-> Tuesday T2 (Science)
Swapped B2B Thursday T3 (Creative Arts) <-> Tuesday T2 (OWOP)
Swapped B2B Thursday T3 (OWOP) <-> Tuesday T3 (Mathematics)
Swapped B2B Thursday T3 (Mathematics) <-> Friday T6 (Mathematics)
Swapped B2B Thursday T1 (English) <-> Tuesday T1 (English)
Swapped B2B Thursday T1 (English) <-> Wednesday T1 (English)
Swapped B2B Thursday T1 (English) <-> Monday T1 (English)
Swapped B2B Thursday T1 (English) <-> Friday T8 (English)
Swapped B2B Thursday T2 (Science) <-> Wednesday T3 (Science)
Swapped B2B Thursday T2 (Science) <-> Monday T3 (Science)
Swapped B2B Thursday T2 (Science) <-> Friday T5 (Science)
Swapped B2B Thursday T5 (Social Studies) <-> Tuesday T6 (Social Studies)
Swapped B2B Thursday T3 (Mathematics) <-> Wednesday T2 (Mathematics)
Swapped B2B Thursday T3 (Mathematics) <-> Monday T2 (Mathematics)
Swapped B2B Thursday T5 (Social Studies) <-> Wednesday T6 (Social Studies)
Swapped B2B Thursday T5 (Social Studies) <-> Monday T9 (Social Studies)
Swapped B2B Thursday T2 (Science) <-> Tuesday T2 (Creative Arts)
Swapped B2B Thursday T2 (Creative Arts) <-> Tuesday T2 (Science)
Swapped B2B Thursday T3 (Mathematics) <-> Tuesday T3 (OWOP)
Swapped B2B Thursday T3 (OWOP) <-> Tuesday T2 (Creative Arts)
Swapped B2B Thursday T2 (Science) <-> Tuesday T2 (OWOP)
Swapped B2B Thursday T2 (OWOP) <-> Tuesday T2 (Science)
Swapped B2B Thursday T3 (Creative Arts) <-> Tuesday T2 (OWOP)
Swapped B2B Thursday T3 (OWOP) <-> Tuesday T3 (Mathematics)
Swapped B2B Thursday T3 (Mathematics) <-> Friday T6 (Mathematics)
Swapped B2B Thursday T1 (English) <-> Tuesday T1 (English)
Swapped B2B Thursday T1 (English) <-> Wednesday T1 (English)
Swapped B2B Thursday T1 (English) <-> Monday T1 (English)
Swapped B2B Thursday T1 (English) <-> Friday T8 (English)
Swapped B2B Thursday T2 (Science) <-> Wednesday T3 (Science)
Swapped B2B Thursday T2 (Science) <-> Monday T3 (Science)
Swapped B2B Thursday T2 (Science) <-> Friday T5 (Science)
Swapped B2B Thursday T5 (Social Studies) <-> Tuesday T6 (Social Studies)
Swapped B2B Thursday T3 (Mathematics) <-> Wednesday T2 (Mathematics)
Swapped B2B Thursday T3 (Mathematics) <-> Monday T2 (Mathematics)
Swapped B2B Thursday T5 (Social Studies) <-> Wednesday T6 (Social Studies)
Swapped B2B Thursday T5 (Social Studies) <-> Monday T9 (Social Studies)
Swapped B2B Thursday T2 (Science) <-> Tuesday T2 (Creative Arts)
Swapped B2B Thursday T2 (Creative Arts) <-> Tuesday T2 (Science)
Swapped B2B Thursday T3 (Mathematics) <-> Tuesday T3 (OWOP)
Swapped B2B Thursday T3 (OWOP) <-> Tuesday T2 (Creative Arts)
Swapped B2B Thursday T2 (Science) <-> Tuesday T2 (OWOP)
Swapped B2B Thursday T2 (OWOP) <-> Tuesday T2 (Science)
Swapped B2B Thursday T3 (Creative Arts) <-> Tuesday T2 (OWOP)
Swapped B2B Thursday T3 (OWOP) <-> Tuesday T3 (Mathematics)
Swapped B2B Thursday T3 (Mathematics) <-> Friday T6 (Mathematics)
Swapped B2B Thursday T1 (English) <-> Tuesday T1 (English)
Swapped B2B Thursday T1 (English) <-> Wednesday T1 (English)
Swapped B2B Thursday T1 (English) <-> Monday T1 (English)
Swapped B2B Thursday T1 (English) <-> Friday T8 (English)
Swapped B2B Thursday T2 (Science) <-> Wednesday T3 (Science)
Swapped B2B Thursday T2 (Science) <-> Monday T3 (Science)
Swapped B2B Thursday T2 (Science) <-> Friday T5 (Science)
Swapped B2B Thursday T5 (Social Studies) <-> Tuesday T6 (Social Studies)
Swapped B2B Thursday T3 (Mathematics) <-> Wednesday T2 (Mathematics)
Swapped B2B Thursday T3 (Mathematics) <-> Monday T2 (Mathematics)
Swapped B2B Thursday T5 (Social Studies) <-> Wednesday T6 (Social Studies)
Swapped B2B Thursday T5 (Social Studies) <-> Monday T9 (Social Studies)
Swapped B2B Thursday T2 (Science) <-> Tuesday T2 (Creative Arts)
Swapped B2B Thursday T2 (Creative Arts) <-> Tuesday T2 (Science)
Swapped B2B Thursday T3 (Mathematics) <-> Tuesday T3 (OWOP)
Swapped B2B Thursday T3 (OWOP) <-> Tuesday T2 (Creative Arts)
Swapped B2B Thursday T2 (Science) <-> Tuesday T2 (OWOP)
Swapped B2B Thursday T2 (OWOP) <-> Tuesday T2 (Science)
Swapped B2B Thursday T3 (Creative Arts) <-> Tuesday T2 (OWOP)
Swapped B2B Thursday T3 (OWOP) <-> Tuesday T3 (Mathematics)
Swapped B2B Thursday T3 (Mathematics) <-> Friday T6 (Mathematics)
Swapped B2B Thursday T1 (English) <-> Tuesday T1 (English)
Swapped B2B Thursday T1 (English) <-> Wednesday T1 (English)
Swapped B2B Thursday T1 (English) <-> Monday T1 (English)
Swapped B2B Thursday T1 (English) <-> Friday T8 (English)
Swapped B2B Thursday T2 (Science) <-> Wednesday T3 (Science)
Swapped B2B Thursday T2 (Science) <-> Monday T3 (Science)
Swapped B2B Thursday T2 (Science) <-> Friday T5 (Science)
Swapped B2B Thursday T5 (Social Studies) <-> Tuesday T6 (Social Studies)
Swapped B2B Thursday T3 (Mathematics) <-> Wednesday T2 (Mathematics)
Swapped B2B Thursday T3 (Mathematics) <-> Monday T2 (Mathematics)
Swapped B2B Thursday T5 (Social Studies) <-> Wednesday T6 (Social Studies)
Swapped B2B Thursday T5 (Social Studies) <-> Monday T9 (Social Studies)
Swapped B2B Thursday T2 (Science) <-> Tuesday T2 (Creative Arts)
Swapped B2B Thursday T2 (Creative Arts) <-> Tuesday T2 (Science)
Swapped B2B Thursday T3 (Mathematics) <-> Tuesday T3 (OWOP)
Swapped B2B Thursday T3 (OWOP) <-> Tuesday T2 (Creative Arts)
Swapped B2B Thursday T2 (Science) <-> Tuesday T2 (OWOP)
Swapped B2B Thursday T2 (OWOP) <-> Tuesday T2 (Science)
Swapped B2B Thursday T3 (Creative Arts) <-> Tuesday T2 (OWOP)
Swapped B2B Thursday T3 (OWOP) <-> Tuesday T3 (Mathematics)
Swapped B2B Thursday T3 (Mathematics) <-> Friday T6 (Mathematics)
Swapped B2B Thursday T1 (English) <-> Tuesday T1 (English)
Swapped B2B Thursday T1 (English) <-> Wednesday T1 (English)
Swapped B2B Thursday T1 (English) <-> Monday T1 (English)
Swapped B2B Thursday T1 (English) <-> Friday T8 (English)
Swapped B2B Thursday T2 (Science) <-> Wednesday T3 (Science)
Swapped B2B Thursday T2 (Science) <-> Monday T3 (Science)
Swapped B2B Thursday T2 (Science) <-> Friday T5 (Science)
Swapped B2B Thursday T5 (Social Studies) <-> Tuesday T6 (Social Studies)
Swapped B2B Thursday T3 (Mathematics) <-> Wednesday T2 (Mathematics)
Swapped B2B Thursday T3 (Mathematics) <-> Monday T2 (Mathematics)
Swapped B2B Thursday T5 (Social Studies) <-> Wednesday T6 (Social Studies)
Swapped B2B Thursday T5 (Social Studies) <-> Monday T9 (Social Studies)
Swapped B2B Thursday T2 (Science) <-> Tuesday T2 (Creative Arts)
Swapped B2B Thursday T2 (Creative Arts) <-> Tuesday T2 (Science)
No repairs applied (LNS phase may still have operated).

Swapped B2B Tuesday T2 (Creative Arts) <-> Friday T6 (Mathematics)
Replaced B8B Thursday T3: RME -> Mathematics – Mr. Samuel Adu Allert
Swapped B2B Thursday T1 (English) <-> Tuesday T1 (English)
Swapped B2B Thursday T1 (English) <-> Wednesday T1 (English)
Swapped B2B Thursday T1 (English) <-> Monday T1 (English)
Swapped B2B Thursday T1 (English) <-> Friday T8 (English)
Swapped B2B Thursday T2 (Science) <-> Wednesday T3 (Science)
Swapped B2B Thursday T2 (Science) <-> Monday T3 (Science)
Swapped B2B Thursday T2 (Science) <-> Friday T5 (Science)
Swapped B2B Thursday T3 (Mathematics) <-> Tuesday T2 (Mathematics)
Swapped B2B Thursday T3 (Mathematics) <-> Wednesday T2 (Mathematics)
Swapped B2B Thursday T3 (Mathematics) <-> Monday T2 (Mathematics)
Swapped B2B Thursday T3 (Mathematics) <-> Friday T6 (Creative Arts)
Swapped B2B Thursday T3 (Creative Arts) <-> Tuesday T2 (Mathematics)
Swapped B2B Thursday T2 (Science) <-> Tuesday T2 (Creative Arts)
Swapped B2B Thursday T2 (Creative Arts) <-> Tuesday T2 (Science)
Swapped B2B Thursday T3 (Mathematics) <-> Tuesday T3 (OWOP)
Swapped B2B Thursday T3 (OWOP) <-> Tuesday T2 (Creative Arts)
Swapped B2B Thursday T2 (Science) <-> Tuesday T2 (OWOP)
Swapped B2B Thursday T2 (OWOP) <-> Tuesday T2 (Science)
Swapped B2B Thursday T3 (Creative Arts) <-> Tuesday T2 (OWOP)
Swapped B2B Thursday T3 (OWOP) <-> Tuesday T3 (Mathematics)
Swapped B2B Thursday T3 (Mathematics) <-> Friday T6 (Mathematics)
Swapped B2B Thursday T1 (English) <-> Tuesday T1 (English)
Swapped B2B Thursday T1 (English) <-> Wednesday T1 (English)
Swapped B2B Thursday T1 (English) <-> Monday T1 (English)
Swapped B2B Thursday T1 (English) <-> Friday T8 (English)
Swapped B2B Thursday T2 (Science) <-> Wednesday T3 (Science)
Swapped B2B Thursday T2 (Science) <-> Monday T3 (Science)
Swapped B2B Thursday T2 (Science) <-> Friday T5 (Science)
Swapped B2B Thursday T5 (Social Studies) <-> Tuesday T6 (Social Studies)
Swapped B2B Thursday T3 (Mathematics) <-> Wednesday T2 (Mathematics)
Swapped B2B Thursday T3 (Mathematics) <-> Monday T2 (Mathematics)
Swapped B2B Thursday T5 (Social Studies) <-> Wednesday T6 (Social Studies)
Swapped B2B Thursday T5 (Social Studies) <-> Monday T9 (Social Studies)
Swapped B2B Thursday T2 (Science) <-> Tuesday T2 (Creative Arts)
Swapped B2B Thursday T2 (Creative Arts) <-> Tuesday T2 (Science)
Swapped B2B Thursday T3 (Mathematics) <-> Tuesday T3 (OWOP)
Swapped B2B Thursday T3 (OWOP) <-> Tuesday T2 (Creative Arts)
Swapped B2B Thursday T2 (Science) <-> Tuesday T2 (OWOP)
Swapped B2B Thursday T2 (OWOP) <-> Tuesday T2 (Science)
Swapped B2B Thursday T3 (Creative Arts) <-> Tuesday T2 (OWOP)
Swapped B2B Thursday T3 (OWOP) <-> Tuesday T3 (Mathematics)
Swapped B2B Thursday T3 (Mathematics) <-> Friday T6 (Mathematics)
Swapped B2B Thursday T1 (English) <-> Tuesday T1 (English)
Swapped B2B Thursday T1 (English) <-> Wednesday T1 (English)
Swapped B2B Thursday T1 (English) <-> Monday T1 (English)
Swapped B2B Thursday T1 (English) <-> Friday T8 (English)
Swapped B2B Thursday T2 (Science) <-> Wednesday T3 (Science)
Swapped B2B Thursday T2 (Science) <-> Monday T3 (Science)
Swapped B2B Thursday T2 (Science) <-> Friday T5 (Science)
Swapped B2B Thursday T5 (Social Studies) <-> Tuesday T6 (Social Studies)
Swapped B2B Thursday T3 (Mathematics) <-> Wednesday T2 (Mathematics)
Swapped B2B Thursday T3 (Mathematics) <-> Monday T2 (Mathematics)
Swapped B2B Thursday T5 (Social Studies) <-> Wednesday T6 (Social Studies)
Swapped B2B Thursday T5 (Social Studies) <-> Monday T9 (Social Studies)
Swapped B2B Thursday T2 (Science) <-> Tuesday T2 (Creative Arts)
Swapped B2B Thursday T2 (Creative Arts) <-> Tuesday T2 (Science)
Swapped B2B Thursday T3 (Mathematics) <-> Tuesday T3 (OWOP)
Swapped B2B Thursday T3 (OWOP) <-> Tuesday T2 (Creative Arts)
Swapped B2B Thursday T2 (Science) <-> Tuesday T2 (OWOP)
Swapped B2B Thursday T2 (OWOP) <-> Tuesday T2 (Science)
Swapped B2B Thursday T3 (Creative Arts) <-> Tuesday T2 (OWOP)
Swapped B2B Thursday T3 (OWOP) <-> Tuesday T3 (Mathematics)
Swapped B2B Thursday T3 (Mathematics) <-> Friday T6 (Mathematics)
Swapped B2B Thursday T1 (English) <-> Tuesday T1 (English)
Swapped B2B Thursday T1 (English) <-> Wednesday T1 (English)
Swapped B2B Thursday T1 (English) <-> Monday T1 (English)
Swapped B2B Thursday T1 (English) <-> Friday T8 (English)
Swapped B2B Thursday T2 (Science) <-> Wednesday T3 (Science)
Swapped B2B Thursday T2 (Science) <-> Monday T3 (Science)
Swapped B2B Thursday T2 (Science) <-> Friday T5 (Science)
Swapped B2B Thursday T5 (Social Studies) <-> Tuesday T6 (Social Studies)
Swapped B2B Thursday T3 (Mathematics) <-> Wednesday T2 (Mathematics)
Swapped B2B Thursday T3 (Mathematics) <-> Monday T2 (Mathematics)
Swapped B2B Thursday T5 (Social Studies) <-> Wednesday T6 (Social Studies)
Swapped B2B Thursday T5 (Social Studies) <-> Monday T9 (Social Studies)
Swapped B2B Thursday T2 (Science) <-> Tuesday T2 (Creative Arts)
Swapped B2B Thursday T2 (Creative Arts) <-> Tuesday T2 (Science)
Swapped B2B Thursday T3 (Mathematics) <-> Tuesday T3 (OWOP)
Swapped B2B Thursday T3 (OWOP) <-> Tuesday T2 (Creative Arts)
Swapped B2B Thursday T2 (Science) <-> Tuesday T2 (OWOP)
Swapped B2B Thursday T2 (OWOP) <-> Tuesday T2 (Science)
Swapped B2B Thursday T3 (Creative Arts) <-> Tuesday T2 (OWOP)
Swapped B2B Thursday T3 (OWOP) <-> Tuesday T3 (Mathematics)
Swapped B2B Thursday T3 (Mathematics) <-> Friday T6 (Mathematics)
Swapped B2B Thursday T1 (English) <-> Tuesday T1 (English)
Swapped B2B Thursday T1 (English) <-> Wednesday T1 (English)
Swapped B2B Thursday T1 (English) <-> Monday T1 (English)
Swapped B2B Thursday T1 (English) <-> Friday T8 (English)
Swapped B2B Thursday T2 (Science) <-> Wednesday T3 (Science)
Swapped B2B Thursday T2 (Science) <-> Monday T3 (Science)
Swapped B2B Thursday T2 (Science) <-> Friday T5 (Science)
Swapped B2B Thursday T5 (Social Studies) <-> Tuesday T6 (Social Studies)
Swapped B2B Thursday T3 (Mathematics) <-> Wednesday T2 (Mathematics)
Swapped B2B Thursday T3 (Mathematics) <-> Monday T2 (Mathematics)
Swapped B2B Thursday T5 (Social Studies) <-> Wednesday T6 (Social Studies)
Swapped B2B Thursday T5 (Social Studies) <-> Monday T9 (Social Studies)
Swapped B2B Thursday T2 (Science) <-> Tuesday T2 (Creative Arts)
Swapped B2B Thursday T2 (Creative Arts) <-> Tuesday T2 (Science)
Swapped B2B Thursday T3 (Mathematics) <-> Tuesday T3 (OWOP)
Swapped B2B Thursday T3 (OWOP) <-> Tuesday T2 (Creative Arts)
Swapped B2B Thursday T2 (Science) <-> Tuesday T2 (OWOP)
Swapped B2B Thursday T2 (OWOP) <-> Tuesday T2 (Science)
Swapped B2B Thursday T3 (Creative Arts) <-> Tuesday T2 (OWOP)
Swapped B2B Thursday T3 (OWOP) <-> Tuesday T3 (Mathematics)
Swapped B2B Thursday T3 (Mathematics) <-> Friday T6 (Mathematics)
Swapped B2B Thursday T1 (English) <-> Tuesday T1 (English)
Swapped B2B Thursday T1 (English) <-> Wednesday T1 (English)
Swapped B2B Thursday T1 (English) <-> Monday T1 (English)
Swapped B2B Thursday T1 (English) <-> Friday T8 (English)
Swapped B2B Thursday T2 (Science) <-> Wednesday T3 (Science)
Swapped B2B Thursday T2 (Science) <-> Monday T3 (Science)
Swapped B2B Thursday T2 (Science) <-> Friday T5 (Science)
Swapped B2B Thursday T5 (Social Studies) <-> Tuesday T6 (Social Studies)
Swapped B2B Thursday T3 (Mathematics) <-> Wednesday T2 (Mathematics)
Swapped B2B Thursday T3 (Mathematics) <-> Monday T2 (Mathematics)
Swapped B2B Thursday T5 (Social Studies) <-> Wednesday T6 (Social Studies)
Swapped B2B Thursday T5 (Social Studies) <-> Monday T9 (Social Studies)
Swapped B2B Thursday T2 (Science) <-> Tuesday T2 (Creative Arts)
Swapped B2B Thursday T2 (Creative Arts) <-> Tuesday T2 (Science)
No repairs applied (LNS phase may still have operated).