Seed:
Seeded Break/Lunch across all grades and days.
Seeded Extra Curricular in T9 on Friday only.
Seeded P.E. on Friday with distinct periods per segment.
Seeded Twi (B7–B9) on Wed/Fri with staggering.
Seeded B9 English double periods on Wed/Fri (T5+T6).
Seeded UCMAS once/week (Tue) with gaps across classes.

Fill:
Filled remaining slots with quota-aware incremental placement.

Enforced seed: B9 Friday T9 -> English – Mr. Bright Dey
Filled empty B6B Tuesday T9 with RME – Mr. Kumah
Filled empty B6B Monday T9 with French – Md. Jennifer
Filled empty B6B Wednesday T9 with RME – Mr. Kumah
Filled empty B6B Thursday T9 with Social Studies – Mr. Samuel Ntiamoah
Replaced B6B Friday T1: English -> RME – Mr. Benjamin Samaglo
Filled empty B6A Tuesday T9 with RME – Mr. Benjamin Samaglo
Filled empty B6A Monday T9 with French – Mr. Desiré Folly
Filled empty B6A Wednesday T9 with RME – Mr. Benjamin Samaglo
Filled empty B6A Thursday T9 with Mathematics – Mr. Samuel Adu Allert
Replaced B6A Friday T3: English -> RME – Mr. Kumah
Swapped B6A Thursday T3 (OWOP) <-> Monday T9 (French)
Filled empty B3 Tuesday T9 with OWOP – Mr. Welbeck Konor
Filled empty B3 Monday T9 with OWOP – Mr. Welbeck Konor
Filled empty B3 Wednesday T9 with OWOP – Mr. Welbeck Konor
Filled empty B3 Thursday T9 with English – Mr. Lord Lincoln Afriyie
Replaced B3 Friday T2: Science -> OWOP – Mr. Benjamin Samaglo
Swapped B3 Tuesday T6 (Twi) <-> Monday T8 (Mathematics)
Filled empty B7B Tuesday T9 with Social Studies – Mr. Samuel Ntiamoah
Filled empty B7B Monday T9 with Mathematics – Mr. Samuel Adu Allert
Filled empty B7B Wednesday T9 with French – Md. Jennifer
Filled empty B7B Thursday T9 with English – Mr. Bright Dey
Replaced B7B Tuesday T5: Computing -> RME – Mr. Kumah
Filled empty B8B Tuesday T9 with Computing – Mr. Bright Kissi
Filled empty B8B Monday T9 with RME – Mr. Kumah
Filled empty B8B Wednesday T9 with English – Mr. Bright Dey
Filled empty B8B Thursday T9 with French – Md. Jennifer
Replaced B8B Friday T1: Social Studies -> English – Mr. Bright Dey
Swapped B8B Tuesday T3 (Career Tech/Pre-tech) <-> Wednesday T5 (Social Studies)
Filled empty B5B Tuesday T9 with French – Mr. Desiré Folly
Filled empty B5B Monday T9 with French – Mr. Desiré Folly
Filled empty B5B Wednesday T9 with French – Mr. Desiré Folly
Filled empty B5B Thursday T9 with Social Studies – Mr. Enoch Asare
Filled empty B8A Tuesday T9 with English – Mr. Bright Dey
Filled empty B8A Monday T9 with English – Mr. Bright Dey
Filled empty B8A Wednesday T9 with Science – Mr. Raymond
Filled empty B8A Thursday T9 with RME – Mr. Kumah
Replaced B8A Friday T1: Computing -> English – Miss Harriet Akasraku
Replaced B8A Tuesday T5: Mathematics -> Science – Mr. Raymond
Replaced B8A Monday T8: Creative Arts -> Science – Mr. Raymond
Replaced B8A Friday T6: French -> Twi – Mrs. Cecilia Gyameah
Swapped B8A Tuesday T1 (Career Tech/Pre-tech) <-> Wednesday T3 (French)
Filled empty B2A Tuesday T9 with English – Mr. Lord Lincoln Afriyie
Filled empty B2A Monday T9 with Science – Mr. Isaac Appiah
Filled empty B2A Wednesday T9 with Creative Arts – Mr. Isaac Appiah
Filled empty B2A Thursday T9 with French – Mr. Desiré Folly
Replaced B2A Friday T2: Mathematics -> English – Mr. Lord Lincoln Afriyie
Replaced B2A Tuesday T1: Creative Arts -> Science – Mr. Isaac Appiah
Swapped B2A Tuesday T5 (RME) <-> Monday T8 (Mathematics)
Swapped B2A Tuesday T6 (Computing) <-> Thursday T9 (French)
Filled empty B4B Tuesday T9 with Mathematics – Mr. Norbert Noble Nkrumah
Filled empty B4B Monday T9 with Science – Mr. Enoch Asare
Filled empty B4B Wednesday T9 with Computing – Mr. Bright Kissi
Filled empty B4B Thursday T9 with Computing – Mr. Bright Kissi
Replaced B4B Friday T1: Science -> Mathematics – Mr. Norbert Noble Nkrumah
Replaced B4B Tuesday T1: Social Studies -> Science – Mr. Cyril Anani
Filled empty B1 Tuesday T9 with Mathematics – Mrs. Theodora Amoah
Filled empty B1 Monday T9 with Social Studies – Mrs. Theodora Amoah
Filled empty B1 Wednesday T9 with Creative Arts – Mrs. Theodora Amoah
Filled empty B1 Thursday T9 with French – Mr. Desiré Folly
Replaced B1 Friday T2: Social Studies -> Mathematics – Mr. Norbert Noble Nkrumah
Replaced B1 Tuesday T2: Creative Arts -> Science – Mrs. Theodora Amoah
Swapped B1 Thursday T2 (Twi) <-> Wednesday T9 (Creative Arts)
Filled empty B5A Tuesday T9 with RME – Mr. Enoch Asare
Filled empty B5A Monday T9 with RME – Mr. Mark Mossie
Filled empty B5A Wednesday T9 with RME – Mr. Enoch Asare
Filled empty B5A Thursday T9 with Mathematics – Mr. Norbert Noble Nkrumah
Filled empty B2B Tuesday T9 with Science – Mrs. Charity Hayford
Filled empty B2B Monday T9 with Twi – Mr. Norbert Noble Nkrumah
Filled empty B2B Wednesday T9 with RME – Mrs. Charity Hayford
Filled empty B2B Thursday T9 with OWOP – Mrs. Charity Hayford
Replaced B2B Friday T3: Science -> Twi – Mr. Norbert Noble Nkrumah
Replaced B2B Wednesday T2: Science -> Twi – Mr. Norbert Noble Nkrumah
Replaced B2B Friday T3: Twi -> RME – Mrs. Charity Hayford
Swapped B2B Tuesday T3 (RME) <-> Monday T2 (OWOP)
Swapped B2B Friday T2 (French) <-> Monday T1 (Science)
Filled empty B4A Tuesday T9 with Social Studies – Miss Anita Twumasi
Filled empty B4A Monday T9 with RME – Miss Anita Twumasi
Filled empty B4A Wednesday T9 with RME – Miss Anita Twumasi
Filled empty B4A Thursday T9 with Science – Miss Anita Twumasi
Replaced B4A Friday T3: English -> Twi – Mr. Norbert Noble Nkrumah
Replaced B4A Friday T3: Twi -> RME – Miss Anita Twumasi
Filled empty B7A Tuesday T9 with Science – Mr. Raymond
Filled empty B7A Monday T9 with Computing – Mr. Bright Kissi
Filled empty B7A Wednesday T9 with Mathematics – Mr. Samuel Adu Allert
Filled empty B7A Thursday T9 with Career Tech/Pre-tech – Mr. Amanor
Replaced B7A Friday T2: English -> Mathematics – Mr. Samuel Adu Allert
Replaced B7A Friday T1: Career Tech/Pre-tech -> Science – Mr. Raymond
Replaced B7A Tuesday T1: English -> RME – Mr. Kumah
Replaced B7A Monday T1: Mathematics -> RME – Mr. Kumah
Filled empty B9 Tuesday T9 with Mathematics – Mr. Samuel Adu Allert
Filled empty B9 Monday T9 with Science – Mr. Raymond
Filled empty B9 Wednesday T9 with Career Tech/Pre-tech – Mr. Amanor
Filled empty B9 Thursday T9 with Science – Mr. Raymond
Filled empty B9 Thursday T5 with French – Md. Jennifer
Replaced B9 Friday T2: Computing -> Science – Mr. Raymond
Replaced B9 Monday T2: Career Tech/Pre-tech -> RME – Mr. Kumah
Swapped B9 Tuesday T5 (Career Tech/Pre-tech) <-> Monday T5 (Computing)
Swapped B9 Friday T1 (RME) <-> Wednesday T1 (Social Studies)
Swapped B6B Tuesday T1 (English) <-> Monday T1 (English)
Swapped B6B Tuesday T1 (English) <-> Wednesday T1 (English)
Swapped B6B Tuesday T1 (English) <-> Thursday T5 (English)
Swapped B6B Tuesday T2 (Mathematics) <-> Friday T3 (Mathematics)
Swapped B6B Tuesday T2 (Mathematics) <-> Monday T2 (Mathematics)
Swapped B6B Tuesday T2 (Mathematics) <-> Wednesday T2 (Mathematics)
Swapped B6B Tuesday T2 (Mathematics) <-> Thursday T6 (Mathematics)
Swapped B6B Tuesday T3 (Science) <-> Friday T5 (Science)
Swapped B6B Tuesday T3 (Science) <-> Monday T3 (Science)
Swapped B6B Tuesday T3 (Science) <-> Wednesday T3 (Science)
Swapped B6B Tuesday T3 (Science) <-> Thursday T8 (Science)
Swapped B6B Tuesday T6 (Social Studies) <-> Friday T6 (Social Studies)
Swapped B6B Tuesday T6 (Social Studies) <-> Monday T5 (Social Studies)
Swapped B6B Tuesday T6 (Social Studies) <-> Wednesday T5 (OWOP)
Swapped B6B Tuesday T6 (OWOP) <-> Monday T6 (Computing)
Swapped B6B Tuesday T6 (Computing) <-> Monday T5 (Social Studies)
Swapped B6B Tuesday T6 (Social Studies) <-> Monday T5 (Computing)
Swapped B6B Tuesday T6 (Computing) <-> Monday T6 (OWOP)
Swapped B6B Tuesday T6 (OWOP) <-> Wednesday T5 (Social Studies)
Swapped B6B Tuesday T6 (Social Studies) <-> Thursday T9 (Social Studies)
Swapped B6B Tuesday T8 (French) <-> Friday T8 (French)
Swapped B6B Tuesday T1 (English) <-> Monday T1 (English)
Swapped B6B Tuesday T1 (English) <-> Wednesday T1 (English)
Swapped B6B Tuesday T1 (English) <-> Thursday T5 (English)
Swapped B6B Tuesday T2 (Mathematics) <-> Friday T3 (Mathematics)
Swapped B6B Tuesday T2 (Mathematics) <-> Monday T2 (Mathematics)
Swapped B6B Tuesday T2 (Mathematics) <-> Wednesday T2 (Mathematics)
Swapped B6B Tuesday T2 (Mathematics) <-> Thursday T6 (Mathematics)
Swapped B6B Tuesday T3 (Science) <-> Friday T5 (Science)
Swapped B6B Tuesday T3 (Science) <-> Monday T3 (Science)
Swapped B6B Tuesday T3 (Science) <-> Wednesday T3 (Science)
Swapped B6B Tuesday T3 (Science) <-> Thursday T8 (Science)
Swapped B6B Tuesday T6 (Social Studies) <-> Friday T6 (Social Studies)
Swapped B6B Tuesday T6 (Social Studies) <-> Monday T5 (Social Studies)
Swapped B6B Tuesday T6 (Social Studies) <-> Wednesday T5 (OWOP)
Swapped B6B Tuesday T6 (OWOP) <-> Monday T6 (Computing)
Swapped B6B Tuesday T6 (Computing) <-> Monday T5 (Social Studies)
Swapped B6B Tuesday T6 (Social Studies) <-> Monday T5 (Computing)
Swapped B6B Tuesday T6 (Computing) <-> Monday T6 (OWOP)
Swapped B6B Tuesday T6 (OWOP) <-> Wednesday T5 (Social Studies)
Swapped B6B Tuesday T6 (Social Studies) <-> Thursday T9 (Social Studies)
Swapped B6B Tuesday T8 (French) <-> Friday T8 (French)
Swapped B6B Tuesday T1 (English) <-> Monday T1 (English)
Swapped B6B Tuesday T1 (English) <-> Wednesday T1 (English)
Swapped B6B Tuesday T1 (English) <-> Thursday T5 (English)
Swapped B6B Tuesday T2 (Mathematics) <-> Friday T3 (Mathematics)
Swapped B6B Tuesday T2 (Mathematics) <-> Monday T2 (Mathematics)
Swapped B6B Tuesday T2 (Mathematics) <-> Wednesday T2 (Mathematics)
Swapped B6B Tuesday T2 (Mathematics) <-> Thursday T6 (Mathematics)
Swapped B6B Tuesday T3 (Science) <-> Friday T5 (Science)
Swapped B6B Tuesday T3 (Science) <-> Monday T3 (Science)
Swapped B6B Tuesday T3 (Science) <-> Wednesday T3 (Science)
Swapped B6B Tuesday T3 (Science) <-> Thursday T8 (Science)
Swapped B6B Tuesday T6 (Social Studies) <-> Friday T6 (Social Studies)
Swapped B6B Tuesday T6 (Social Studies) <-> Monday T5 (Social Studies)
Swapped B6B Tuesday T6 (Social Studies) <-> Wednesday T5 (OWOP)
Swapped B6B Tuesday T6 (OWOP) <-> Monday T6 (Computing)
Swapped B6B Tuesday T6 (Computing) <-> Monday T5 (Social Studies)
Swapped B6B Tuesday T6 (Social Studies) <-> Monday T5 (Computing)
Swapped B6B Tuesday T6 (Computing) <-> Monday T6 (OWOP)
Swapped B6B Tuesday T6 (OWOP) <-> Wednesday T5 (Social Studies)
Swapped B6B Tuesday T6 (Social Studies) <-> Thursday T9 (Social Studies)
Swapped B6B Tuesday T8 (French) <-> Friday T8 (French)
Swapped B6B Tuesday T1 (English) <-> Monday T1 (English)
Swapped B6B Tuesday T1 (English) <-> Wednesday T1 (English)
Swapped B6B Tuesday T1 (English) <-> Thursday T5 (English)
Swapped B6B Tuesday T2 (Mathematics) <-> Friday T3 (Mathematics)
Swapped B6B Tuesday T2 (Mathematics) <-> Monday T2 (Mathematics)
Swapped B6B Tuesday T2 (Mathematics) <-> Wednesday T2 (Mathematics)
Swapped B6B Tuesday T2 (Mathematics) <-> Thursday T6 (Mathematics)
Swapped B6B Tuesday T3 (Science) <-> Friday T5 (Science)
Swapped B6B Tuesday T3 (Science) <-> Monday T3 (Science)
Swapped B6B Tuesday T3 (Science) <-> Wednesday T3 (Science)
Swapped B6B Tuesday T3 (Science) <-> Thursday T8 (Science)
Swapped B6B Tuesday T6 (Social Studies) <-> Friday T6 (Social Studies)
Swapped B6B Tuesday T6 (Social Studies) <-> Monday T5 (Social Studies)
Swapped B6B Tuesday T6 (Social Studies) <-> Wednesday T5 (OWOP)
Swapped B6B Tuesday T6 (OWOP) <-> Monday T6 (Computing)
Swapped B6B Tuesday T6 (Computing) <-> Monday T5 (Social Studies)
Swapped B6B Tuesday T6 (Social Studies) <-> Monday T5 (Computing)
Swapped B6B Tuesday T6 (Computing) <-> Monday T6 (OWOP)
Swapped B6B Tuesday T6 (OWOP) <-> Wednesday T5 (Social Studies)
Swapped B6B Tuesday T6 (Social Studies) <-> Thursday T9 (Social Studies)
Swapped B6B Tuesday T8 (French) <-> Friday T8 (French)
Swapped B6B Tuesday T1 (English) <-> Monday T1 (English)
Swapped B6B Tuesday T1 (English) <-> Wednesday T1 (English)
Swapped B6B Tuesday T1 (English) <-> Thursday T5 (English)
Swapped B6B Tuesday T2 (Mathematics) <-> Friday T3 (Mathematics)
Swapped B6B Tuesday T2 (Mathematics) <-> Monday T2 (Mathematics)
Swapped B6B Tuesday T2 (Mathematics) <-> Wednesday T2 (Mathematics)
Swapped B6B Tuesday T2 (Mathematics) <-> Thursday T6 (Mathematics)
Swapped B6B Tuesday T3 (Science) <-> Friday T5 (Science)
Swapped B6B Tuesday T3 (Science) <-> Monday T3 (Science)
Swapped B6B Tuesday T3 (Science) <-> Wednesday T3 (Science)
Swapped B6B Tuesday T3 (Science) <-> Thursday T8 (Science)
Swapped B6B Tuesday T6 (Social Studies) <-> Friday T6 (Social Studies)
Swapped B6B Tuesday T6 (Social Studies) <-> Monday T5 (Social Studies)
Swapped B6B Tuesday T6 (Social Studies) <-> Wednesday T5 (OWOP)
Swapped B6B Tuesday T6 (OWOP) <-> Monday T6 (Computing)
Swapped B6B Tuesday T6 (Computing) <-> Monday T5 (Social Studies)
Swapped B6B Tuesday T6 (Social Studies) <-> Monday T5 (Computing)
Swapped B6B Tuesday T6 (Computing) <-> Monday T6 (OWOP)
Swapped B6B Tuesday T6 (OWOP) <-> Wednesday T5 (Social Studies)
Swapped B6B Tuesday T6 (Social Studies) <-> Thursday T9 (Social Studies)
Swapped B6B Tuesday T8 (French) <-> Friday T8 (French)
Swapped B6B Tuesday T1 (English) <-> Monday T1 (English)
Swapped B6B Tuesday T1 (English) <-> Wednesday T1 (English)
Swapped B6B Tuesday T1 (English) <-> Thursday T5 (English)
Swapped B6B Tuesday T2 (Mathematics) <-> Friday T3 (Mathematics)

Swapped B6A Thursday T1 (Creative Arts) <-> Monday T9 (OWOP)
Replaced B3 Friday T2: OWOP -> Science – Mr. Welbeck Konor
Swapped B3 Friday T2 (Science) <-> Thursday T6 (Creative Arts)
Swapped B3 Monday T8 (Twi) <-> Thursday T1 (Mathematics)
Replaced B8A Tuesday T5: Science -> Mathematics – Mr. Samuel Adu Allert
Replaced B2A Friday T2: English -> Mathematics – Mr. Isaac Appiah
Swapped B2A Tuesday T6 (French) <-> Friday T6 (Computing)
Swapped B2A Friday T2 (Mathematics) <-> Monday T6 (Social Studies)
Swapped B2A Friday T3 (OWOP) <-> Wednesday T3 (English)
Replaced B4B Tuesday T1: Science -> Social Studies – Mr. Cyril Anani
Swapped B5A Tuesday T5 (OWOP) <-> Friday T3 (Science)
Replaced B2B Monday T2: RME -> Science – Mrs. Charity Hayford
Swapped B2B Friday T2 (Science) <-> Wednesday T5 (French)
Replaced B4A Friday T3: RME -> Twi – Mr. Norbert Noble Nkrumah
Swapped B4A Friday T8 (Social Studies) <-> Wednesday T9 (RME)
Replaced B7A Tuesday T1: RME -> English – Miss Harriet Akasraku
Filled empty B9 Tuesday T6 with Career Tech/Pre-tech – Mr. Amanor
Replaced B9 Friday T1: Social Studies -> Computing – Mr. Bright Kissi
Swapped B9 Tuesday T1 (Social Studies) <-> Wednesday T2 (Creative Arts)
Swapped B6B Tuesday T1 (English) <-> Monday T1 (English)
Swapped B6B Tuesday T1 (English) <-> Wednesday T1 (English)
Swapped B6B Tuesday T1 (English) <-> Thursday T5 (English)
Swapped B6B Tuesday T2 (Mathematics) <-> Friday T3 (Mathematics)
Swapped B6B Tuesday T2 (Mathematics) <-> Monday T2 (Mathematics)
Swapped B6B Tuesday T2 (Mathematics) <-> Wednesday T2 (Mathematics)
Swapped B6B Tuesday T2 (Mathematics) <-> Thursday T6 (Mathematics)
Swapped B6B Tuesday T3 (Science) <-> Friday T5 (Science)
Swapped B6B Tuesday T3 (Science) <-> Monday T3 (Science)
Swapped B6B Tuesday T3 (Science) <-> Wednesday T3 (Science)
Swapped B6B Tuesday T3 (Science) <-> Thursday T8 (Science)
Swapped B6B Tuesday T6 (Social Studies) <-> Friday T6 (Social Studies)
Swapped B6B Tuesday T6 (Social Studies) <-> Monday T5 (Social Studies)
Swapped B6B Tuesday T6 (Social Studies) <-> Thursday T9 (Social Studies)
Swapped B6B Tuesday T8 (French) <-> Friday T8 (French)
Swapped B6B Tuesday T8 (French) <-> Wednesday T6 (Creative Arts)
Swapped B6B Tuesday T8 (Creative Arts) <-> Friday T8 (French)
Swapped B6B Tuesday T8 (French) <-> Wednesday T6 (French)
Swapped B6B Tuesday T8 (French) <-> Monday T9 (French)
Swapped B6B Friday T1 (RME) <-> Monday T8 (RME)
Swapped B6B Friday T1 (RME) <-> Thursday T1 (RME)
Swapped B6B Tuesday T1 (English) <-> Monday T1 (English)
Swapped B6B Tuesday T1 (English) <-> Wednesday T1 (English)
Swapped B6B Tuesday T1 (English) <-> Thursday T5 (English)
Swapped B6B Tuesday T2 (Mathematics) <-> Friday T3 (Mathematics)
Swapped B6B Tuesday T2 (Mathematics) <-> Monday T2 (Mathematics)
Swapped B6B Tuesday T2 (Mathematics) <-> Wednesday T2 (Mathematics)
Swapped B6B Tuesday T2 (Mathematics) <-> Thursday T6 (Mathematics)
Swapped B6B Tuesday T3 (Science) <-> Friday T5 (Science)
Swapped B6B Tuesday T3 (Science) <-> Monday T3 (Science)
Swapped B6B Tuesday T3 (Science) <-> Wednesday T3 (Science)
Swapped B6B Tuesday T3 (Science) <-> Thursday T8 (Science)
Swapped B6B Tuesday T6 (Social Studies) <-> Friday T6 (Social Studies)
Swapped B6B Tuesday T6 (Social Studies) <-> Monday T5 (Social Studies)
Swapped B6B Tuesday T6 (Social Studies) <-> Thursday T9 (Social Studies)
Swapped B6B Friday T1 (RME) <-> Tuesday T9 (RME)
Swapped B6B Friday T1 (RME) <-> Wednesday T9 (RME)
Swapped B6B Friday T3 (Mathematics) <-> Monday T2 (Mathematics)
Swapped B6B Tuesday T8 (French) <-> Wednesday T6 (French)
Swapped B6B Tuesday T8 (French) <-> Monday T9 (French)
Swapped B6B Friday T1 (RME) <-> Monday T8 (RME)
Swapped B6B Friday T1 (RME) <-> Thursday T1 (RME)
Swapped B6B Tuesday T1 (English) <-> Monday T1 (English)
Swapped B6B Tuesday T1 (English) <-> Wednesday T1 (English)
Swapped B6B Tuesday T1 (English) <-> Thursday T5 (English)
Swapped B6B Tuesday T2 (Mathematics) <-> Friday T3 (Mathematics)
Swapped B6B Tuesday T2 (Mathematics) <-> Monday T2 (Mathematics)
Swapped B6B Tuesday T2 (Mathematics) <-> Wednesday T2 (Mathematics)
Swapped B6B Tuesday T2 (Mathematics) <-> Thursday T6 (Mathematics)
Swapped B6B Tuesday T3 (Science) <-> Friday T5 (Science)
Swapped B6B Tuesday T3 (Science) <-> Monday T3 (Science)
Swapped B6B Tuesday T3 (Science) <-> Wednesday T3 (Science)
Swapped B6B Tuesday T3 (Science) <-> Thursday T8 (Science)
Swapped B6B Tuesday T6 (Social Studies) <-> Friday T6 (Social Studies)
Swapped B6B Tuesday T6 (Social Studies) <-> Monday T5 (Social Studies)
Swapped B6B Tuesday T6 (Social Studies) <-> Thursday T9 (Social Studies)
Swapped B6B Friday T1 (RME) <-> Tuesday T9 (RME)
Swapped B6B Friday T1 (RME) <-> Wednesday T9 (RME)
Swapped B6B Friday T3 (Mathematics) <-> Monday T2 (Mathematics)
Swapped B6B Tuesday T8 (French) <-> Wednesday T6 (French)
Swapped B6B Tuesday T8 (French) <-> Monday T9 (French)
Swapped B6B Friday T1 (RME) <-> Monday T8 (RME)
Swapped B6B Friday T1 (RME) <-> Thursday T1 (RME)
Swapped B6B Tuesday T1 (English) <-> Monday T1 (English)
Swapped B6B Tuesday T1 (English) <-> Wednesday T1 (English)
Swapped B6B Tuesday T1 (English) <-> Thursday T5 (English)
Swapped B6B Tuesday T2 (Mathematics) <-> Friday T3 (Mathematics)
Swapped B6B Tuesday T2 (Mathematics) <-> Monday T2 (Mathematics)
Swapped B6B Tuesday T2 (Mathematics) <-> Wednesday T2 (Mathematics)
Swapped B6B Tuesday T2 (Mathematics) <-> Thursday T6 (Mathematics)
Swapped B6B Tuesday T3 (Science) <-> Friday T5 (Science)
Swapped B6B Tuesday T3 (Science) <-> Monday T3 (Science)
Swapped B6B Tuesday T3 (Science) <-> Wednesday T3 (Science)
Swapped B6B Tuesday T3 (Science) <-> Thursday T8 (Science)
Swapped B6B Tuesday T6 (Social Studies) <-> Friday T6 (Social Studies)
Swapped B6B Tuesday T6 (Social Studies) <-> Monday T5 (Social Studies)
Swapped B6B Tuesday T6 (Social Studies) <-> Thursday T9 (Social Studies)
Swapped B6B Friday T1 (RME) <-> Tuesday T9 (RME)
Swapped B6B Friday T1 (RME) <-> Wednesday T9 (RME)
Swapped B6B Friday T3 (Mathematics) <-> Monday T2 (Mathematics)
Swapped B6B Tuesday T8 (French) <-> Wednesday T6 (French)
Swapped B6B Tuesday T8 (French) <-> Monday T9 (French)
Swapped B6B Friday T1 (RME) <-> Monday T8 (RME)
Swapped B6B Friday T1 (RME) <-> Thursday T1 (RME)
Swapped B6B Tuesday T1 (English) <-> Monday T1 (English)
Swapped B6B Tuesday T1 (English) <-> Wednesday T1 (English)
Swapped B6B Tuesday T1 (English) <-> Thursday T5 (English)
Swapped B6B Tuesday T2 (Mathematics) <-> Friday T3 (Mathematics)
Swapped B6B Tuesday T2 (Mathematics) <-> Monday T2 (Mathematics)
Swapped B6B Tuesday T2 (Mathematics) <-> Wednesday T2 (Mathematics)
Swapped B6B Tuesday T2 (Mathematics) <-> Thursday T6 (Mathematics)
Swapped B6B Tuesday T3 (Science) <-> Friday T5 (Science)
Swapped B6B Tuesday T3 (Science) <-> Monday T3 (Science)
Swapped B6B Tuesday T3 (Science) <-> Wednesday T3 (Science)
Swapped B6B Tuesday T3 (Science) <-> Thursday T8 (Science)
Swapped B6B Tuesday T6 (Social Studies) <-> Friday T6 (Social Studies)
Swapped B6B Tuesday T6 (Social Studies) <-> Monday T5 (Social Studies)
Swapped B6B Tuesday T6 (Social Studies) <-> Thursday T9 (Social Studies)
Swapped B6B Friday T1 (RME) <-> Tuesday T9 (RME)
Swapped B6B Friday T1 (RME) <-> Wednesday T9 (RME)
Swapped B6B Friday T3 (Mathematics) <-> Monday T2 (Mathematics)
Swapped B6B Tuesday T8 (French) <-> Wednesday T6 (French)
Swapped B6B Tuesday T8 (French) <-> Monday T9 (French)
Swapped B6B Friday T1 (RME) <-> Monday T8 (RME)
Swapped B6B Friday T1 (RME) <-> Thursday T1 (RME)
Swapped B6B Tuesday T1 (English) <-> Monday T1 (English)
Swapped B6B Tuesday T1 (English) <-> Wednesday T1 (English)
Swapped B6B Tuesday T1 (English) <-> Thursday T5 (English)
Swapped B6B Tuesday T2 (Mathematics) <-> Friday T3 (Mathematics)
Swapped B6B Tuesday T2 (Mathematics) <-> Monday T2 (Mathematics)

Swapped B6B Tuesday T8 (French) <-> Friday T8 (Creative Arts)
Swapped B6B Tuesday T8 (Creative Arts) <-> Wednesday T6 (French)
Replaced B4B Tuesday T1: Social Studies -> Science – Mr. Cyril Anani
Swapped B4A Friday T1 (OWOP) <-> Thursday T3 (Social Studies)
Replaced B7A Tuesday T1: English -> RME – Mr. Kumah
Swapped B6B Tuesday T1 (English) <-> Monday T1 (English)
Swapped B6B Tuesday T1 (English) <-> Wednesday T1 (English)
Swapped B6B Tuesday T1 (English) <-> Thursday T5 (English)
Swapped B6B Tuesday T2 (Mathematics) <-> Friday T3 (Mathematics)
Swapped B6B Tuesday T2 (Mathematics) <-> Monday T2 (Mathematics)
Swapped B6B Tuesday T2 (Mathematics) <-> Wednesday T2 (Mathematics)
Swapped B6B Tuesday T2 (Mathematics) <-> Thursday T6 (Mathematics)
Swapped B6B Tuesday T3 (Science) <-> Friday T5 (Science)
Swapped B6B Tuesday T3 (Science) <-> Monday T3 (Science)
Swapped B6B Tuesday T3 (Science) <-> Wednesday T3 (Science)
Swapped B6B Tuesday T3 (Science) <-> Thursday T8 (Science)
Swapped B6B Tuesday T6 (Social Studies) <-> Friday T6 (Social Studies)
Swapped B6B Tuesday T6 (Social Studies) <-> Monday T5 (Social Studies)
Swapped B6B Tuesday T6 (Social Studies) <-> Thursday T9 (Social Studies)
Swapped B6B Tuesday T8 (French) <-> Friday T8 (French)
Swapped B6B Tuesday T8 (French) <-> Wednesday T6 (Creative Arts)
Swapped B6B Tuesday T8 (Creative Arts) <-> Friday T8 (French)
Swapped B6B Tuesday T8 (French) <-> Wednesday T6 (French)
Swapped B6B Tuesday T8 (French) <-> Monday T9 (French)
Swapped B6B Friday T1 (RME) <-> Monday T8 (RME)
Swapped B6B Friday T1 (RME) <-> Thursday T1 (RME)
Swapped B6B Tuesday T1 (English) <-> Monday T1 (English)
Swapped B6B Tuesday T1 (English) <-> Wednesday T1 (English)
Swapped B6B Tuesday T1 (English) <-> Thursday T5 (English)
Swapped B6B Tuesday T2 (Mathematics) <-> Friday T3 (Mathematics)
Swapped B6B Tuesday T2 (Mathematics) <-> Monday T2 (Mathematics)
Swapped B6B Tuesday T2 (Mathematics) <-> Wednesday T2 (Mathematics)
Swapped B6B Tuesday T2 (Mathematics) <-> Thursday T6 (Mathematics)
Swapped B6B Tuesday T3 (Science) <-> Friday T5 (Science)
Swapped B6B Tuesday T3 (Science) <-> Monday T3 (Science)
Swapped B6B Tuesday T3 (Science) <-> Wednesday T3 (Science)
Swapped B6B Tuesday T3 (Science) <-> Thursday T8 (Science)
Swapped B6B Tuesday T6 (Social Studies) <-> Friday T6 (Social Studies)
Swapped B6B Tuesday T6 (Social Studies) <-> Monday T5 (Social Studies)
Swapped B6B Tuesday T6 (Social Studies) <-> Thursday T9 (Social Studies)
Swapped B6B Friday T1 (RME) <-> Tuesday T9 (RME)
Swapped B6B Friday T1 (RME) <-> Wednesday T9 (RME)
Swapped B6B Friday T3 (Mathematics) <-> Monday T2 (Mathematics)
Swapped B6B Tuesday T8 (French) <-> Wednesday T6 (French)
Swapped B6B Tuesday T8 (French) <-> Monday T9 (French)
Swapped B6B Friday T1 (RME) <-> Monday T8 (RME)
Swapped B6B Friday T1 (RME) <-> Thursday T1 (RME)
Swapped B6B Tuesday T1 (English) <-> Monday T1 (English)
Swapped B6B Tuesday T1 (English) <-> Wednesday T1 (English)
Swapped B6B Tuesday T1 (English) <-> Thursday T5 (English)
Swapped B6B Tuesday T2 (Mathematics) <-> Friday T3 (Mathematics)
Swapped B6B Tuesday T2 (Mathematics) <-> Monday T2 (Mathematics)
Swapped B6B Tuesday T2 (Mathematics) <-> Wednesday T2 (Mathematics)
Swapped B6B Tuesday T2 (Mathematics) <-> Thursday T6 (Mathematics)
Swapped B6B Tuesday T3 (Science) <-> Friday T5 (Science)
Swapped B6B Tuesday T3 (Science) <-> Monday T3 (Science)
Swapped B6B Tuesday T3 (Science) <-> Wednesday T3 (Science)
Swapped B6B Tuesday T3 (Science) <-> Thursday T8 (Science)
Swapped B6B Tuesday T6 (Social Studies) <-> Friday T6 (Social Studies)
Swapped B6B Tuesday T6 (Social Studies) <-> Monday T5 (Social Studies)
Swapped B6B Tuesday T6 (Social Studies) <-> Thursday T9 (Social Studies)
Swapped B6B Friday T1 (RME) <-> Tuesday T9 (RME)
Swapped B6B Friday T1 (RME) <-> Wednesday T9 (RME)
Swapped B6B Friday T3 (Mathematics) <-> Monday T2 (Mathematics)
Swapped B6B Tuesday T8 (French) <-> Wednesday T6 (French)
Swapped B6B Tuesday T8 (French) <-> Monday T9 (French)
Swapped B6B Friday T1 (RME) <-> Monday T8 (RME)
Swapped B6B Friday T1 (RME) <-> Thursday T1 (RME)
Swapped B6B Tuesday T1 (English) <-> Monday T1 (English)
Swapped B6B Tuesday T1 (English) <-> Wednesday T1 (English)
Swapped B6B Tuesday T1 (English) <-> Thursday T5 (English)
Swapped B6B Tuesday T2 (Mathematics) <-> Friday T3 (Mathematics)
Swapped B6B Tuesday T2 (Mathematics) <-> Monday T2 (Mathematics)
Swapped B6B Tuesday T2 (Mathematics) <-> Wednesday T2 (Mathematics)
Swapped B6B Tuesday T2 (Mathematics) <-> Thursday T6 (Mathematics)
Swapped B6B Tuesday T3 (Science) <-> Friday T5 (Science)
Swapped B6B Tuesday T3 (Science) <-> Monday T3 (Science)
Swapped B6B Tuesday T3 (Science) <-> Wednesday T3 (Science)
Swapped B6B Tuesday T3 (Science) <-> Thursday T8 (Science)
Swapped B6B Tuesday T6 (Social Studies) <-> Friday T6 (Social Studies)
Swapped B6B Tuesday T6 (Social Studies) <-> Monday T5 (Social Studies)
Swapped B6B Tuesday T6 (Social Studies) <-> Thursday T9 (Social Studies)
Swapped B6B Friday T1 (RME) <-> Tuesday T9 (RME)
Swapped B6B Friday T1 (RME) <-> Wednesday T9 (RME)
Swapped B6B Friday T3 (Mathematics) <-> Monday T2 (Mathematics)
Swapped B6B Tuesday T8 (French) <-> Wednesday T6 (French)
Swapped B6B Tuesday T8 (French) <-> Monday T9 (French)
Swapped B6B Friday T1 (RME) <-> Monday T8 (RME)
Swapped B6B Friday T1 (RME) <-> Thursday T1 (RME)
Swapped B6B Tuesday T1 (English) <-> Monday T1 (English)
Swapped B6B Tuesday T1 (English) <-> Wednesday T1 (English)
Swapped B6B Tuesday T1 (English) <-> Thursday T5 (English)
Swapped B6B Tuesday T2 (Mathematics) <-> Friday T3 (Mathematics)
Swapped B6B Tuesday T2 (Mathematics) <-> Monday T2 (Mathematics)
Swapped B6B Tuesday T2 (Mathematics) <-> Wednesday T2 (Mathematics)
Swapped B6B Tuesday T2 (Mathematics) <-> Thursday T6 (Mathematics)
Swapped B6B Tuesday T3 (Science) <-> Friday T5 (Science)
Swapped B6B Tuesday T3 (Science) <-> Monday T3 (Science)
Swapped B6B Tuesday T3 (Science) <-> Wednesday T3 (Science)
Swapped B6B Tuesday T3 (Science) <-> Thursday T8 (Science)
Swapped B6B Tuesday T6 (Social Studies) <-> Friday T6 (Social Studies)
Swapped B6B Tuesday T6 (Social Studies) <-> Monday T5 (Social Studies)
Swapped B6B Tuesday T6 (Social Studies) <-> Thursday T9 (Social Studies)
Swapped B6B Friday T1 (RME) <-> Tuesday T9 (RME)
Swapped B6B Friday T1 (RME) <-> Wednesday T9 (RME)
Swapped B6B Friday T3 (Mathematics) <-> Monday T2 (Mathematics)
Swapped B6B Tuesday T8 (French) <-> Wednesday T6 (French)
Swapped B6B Tuesday T8 (French) <-> Monday T9 (French)
Swapped B6B Friday T1 (RME) <-> Monday T8 (RME)
Swapped B6B Friday T1 (RME) <-> Thursday T1 (RME)
Swapped B6B Tuesday T1 (English) <-> Monday T1 (English)
Swapped B6B Tuesday T1 (English) <-> Wednesday T1 (English)
Swapped B6B Tuesday T1 (English) <-> Thursday T5 (English)
Swapped B6B Tuesday T2 (Mathematics) <-> Friday T3 (Mathematics)
Swapped B6B Tuesday T2 (Mathematics) <-> Monday T2 (Mathematics)
Swapped B6B Tuesday T2 (Mathematics) <-> Wednesday T2 (Mathematics)
Swapped B6B Tuesday T2 (Mathematics) <-> Thursday T6 (Mathematics)
Swapped B6B Tuesday T3 (Science) <-> Friday T5 (Science)
Swapped B6B Tuesday T3 (Science) <-> Monday T3 (Science)
Swapped B6B Tuesday T3 (Science) <-> Wednesday T3 (Science)
Swapped B6B Tuesday T3 (Science) <-> Thursday T8 (Science)
Swapped B6B Tuesday T6 (Social Studies) <-> Friday T6 (Social Studies)
No repairs applied (LNS phase may still have operated).

Swapped B6B Tuesday T8 (French) <-> Friday T8 (Creative Arts)
Swapped B6B Tuesday T8 (Creative Arts) <-> Wednesday T6 (French)
Swapped B3 Tuesday T1 (French) <-> Friday T3 (Social Studies)
Swapped B3 Friday T2 (Creative Arts) <-> Tuesday T9 (OWOP)
Replaced B4B Tuesday T1: Science -> Social Studies – Mr. Cyril Anani
Replaced B7A Tuesday T1: RME -> English – Miss Harriet Akasraku
Swapped B6B Tuesday T1 (English) <-> Monday T1 (English)
Swapped B6B Tuesday T1 (English) <-> Wednesday T1 (English)
Swapped B6B Tuesday T1 (English) <-> Thursday T5 (English)
Swapped B6B Tuesday T2 (Mathematics) <-> Friday T3 (Mathematics)
Swapped B6B Tuesday T2 (Mathematics) <-> Monday T2 (Mathematics)
Swapped B6B Tuesday T2 (Mathematics) <-> Wednesday T2 (Mathematics)
Swapped B6B Tuesday T2 (Mathematics) <-> Thursday T6 (Mathematics)
Swapped B6B Tuesday T3 (Science) <-> Friday T5 (Science)
Swapped B6B Tuesday T3 (Science) <-> Monday T3 (Science)
Swapped B6B Tuesday T3 (Science) <-> Wednesday T3 (Science)
Swapped B6B Tuesday T3 (Science) <-> Thursday T8 (Science)
Swapped B6B Tuesday T6 (Social Studies) <-> Friday T6 (Social Studies)
Swapped B6B Tuesday T6 (Social Studies) <-> Monday T5 (Social Studies)
Swapped B6B Tuesday T6 (Social Studies) <-> Thursday T9 (Social Studies)
Swapped B6B Tuesday T8 (French) <-> Friday T8 (French)
Swapped B6B Tuesday T8 (French) <-> Wednesday T6 (Creative Arts)
Swapped B6B Tuesday T1 (English) <-> Friday T8 (French)
Swapped B6B Tuesday T1 (French) <-> Wednesday T6 (French)
Swapped B6B Tuesday T1 (French) <-> Monday T9 (French)
Swapped B6B Tuesday T6 (Social Studies) <-> Wednesday T1 (English)
Swapped B6B Tuesday T6 (English) <-> Friday T8 (English)
Swapped B6B Tuesday T6 (English) <-> Monday T1 (English)
Swapped B6B Tuesday T6 (English) <-> Thursday T5 (English)
Swapped B6B Tuesday T8 (Creative Arts) <-> Thursday T3 (Creative Arts)
Swapped B6B Tuesday T2 (Mathematics) <-> Friday T3 (Mathematics)
Swapped B6B Tuesday T2 (Mathematics) <-> Monday T2 (Mathematics)
Swapped B6B Tuesday T2 (Mathematics) <-> Wednesday T2 (Mathematics)
Swapped B6B Tuesday T2 (Mathematics) <-> Thursday T6 (Mathematics)
Swapped B6B Tuesday T3 (Science) <-> Friday T5 (Science)
Swapped B6B Tuesday T3 (Science) <-> Monday T3 (Science)
Swapped B6B Tuesday T3 (Science) <-> Wednesday T3 (Science)
Swapped B6B Tuesday T3 (Science) <-> Thursday T8 (Science)
Swapped B6B Friday T1 (RME) <-> Monday T8 (RME)
Swapped B6B Friday T1 (RME) <-> Thursday T1 (RME)
Swapped B6B Friday T1 (RME) <-> Tuesday T9 (RME)
Swapped B6B Friday T1 (RME) <-> Wednesday T9 (RME)
Swapped B6B Friday T3 (Mathematics) <-> Monday T2 (Mathematics)
Swapped B6B Friday T3 (Mathematics) <-> Wednesday T2 (Mathematics)
Swapped B6B Tuesday T1 (French) <-> Wednesday T6 (French)
Swapped B6B Tuesday T1 (French) <-> Monday T9 (French)
Swapped B6B Friday T3 (Mathematics) <-> Thursday T6 (Mathematics)
Swapped B6B Tuesday T6 (English) <-> Friday T8 (English)
Swapped B6B Tuesday T6 (English) <-> Monday T1 (English)
Swapped B6B Tuesday T6 (English) <-> Thursday T5 (English)
Swapped B6B Tuesday T8 (Creative Arts) <-> Thursday T3 (Creative Arts)
Swapped B6B Tuesday T2 (Mathematics) <-> Friday T3 (Mathematics)
Swapped B6B Tuesday T2 (Mathematics) <-> Monday T2 (Mathematics)
Swapped B6B Tuesday T2 (Mathematics) <-> Wednesday T2 (Mathematics)
Swapped B6B Tuesday T2 (Mathematics) <-> Thursday T6 (Mathematics)
Swapped B6B Tuesday T3 (Science) <-> Friday T5 (Science)
Swapped B6B Tuesday T3 (Science) <-> Monday T3 (Science)
Swapped B6B Tuesday T3 (Science) <-> Wednesday T3 (Science)
Swapped B6B Tuesday T3 (Science) <-> Thursday T8 (Science)
Swapped B6B Friday T1 (RME) <-> Monday T8 (RME)
Swapped B6B Friday T1 (RME) <-> Thursday T1 (RME)
Swapped B6B Friday T1 (RME) <-> Tuesday T9 (RME)
Swapped B6B Friday T1 (RME) <-> Wednesday T9 (RME)
Swapped B6B Friday T3 (Mathematics) <-> Monday T2 (Mathematics)
Swapped B6B Friday T3 (Mathematics) <-> Wednesday T2 (Mathematics)
Swapped B6B Tuesday T1 (French) <-> Wednesday T6 (French)
Swapped B6B Tuesday T1 (French) <-> Monday T9 (French)
Swapped B6B Friday T3 (Mathematics) <-> Thursday T6 (Mathematics)
Swapped B6B Tuesday T6 (English) <-> Friday T8 (English)
Swapped B6B Tuesday T6 (English) <-> Monday T1 (English)
Swapped B6B Tuesday T6 (English) <-> Thursday T5 (English)
Swapped B6B Tuesday T8 (Creative Arts) <-> Thursday T3 (Creative Arts)
Swapped B6B Tuesday T2 (Mathematics) <-> Friday T3 (Mathematics)
Swapped B6B Tuesday T2 (Mathematics) <-> Monday T2 (Mathematics)
Swapped B6B Tuesday T2 (Mathematics) <-> Wednesday T2 (Mathematics)
Swapped B6B Tuesday T2 (Mathematics) <-> Thursday T6 (Mathematics)
Swapped B6B Tuesday T3 (Science) <-> Friday T5 (Science)
Swapped B6B Tuesday T3 (Science) <-> Monday T3 (Science)
Swapped B6B Tuesday T3 (Science) <-> Wednesday T3 (Science)
Swapped B6B Tuesday T3 (Science) <-> Thursday T8 (Science)
Swapped B6B Friday T1 (RME) <-> Monday T8 (RME)
Swapped B6B Friday T1 (RME) <-> Thursday T1 (RME)
Swapped B6B Friday T1 (RME) <-> Tuesday T9 (RME)
Swapped B6B Friday T1 (RME) <-> Wednesday T9 (RME)
Swapped B6B Friday T3 (Mathematics) <-> Monday T2 (Mathematics)
Swapped B6B Friday T3 (Mathematics) <-> Wednesday T2 (Mathematics)
Swapped B6B Tuesday T1 (French) <-> Wednesday T6 (French)
Swapped B6B Tuesday T1 (French) <-> Monday T9 (French)
Swapped B6B Friday T3 (Mathematics) <-> Thursday T6 (Mathematics)
Swapped B6B Tuesday T6 (English) <-> Friday T8 (English)
Swapped B6B Tuesday T6 (English) <-> Monday T1 (English)
Swapped B6B Tuesday T6 (English) <-> Thursday T5 (English)
Swapped B6B Tuesday T8 (Creative Arts) <-> Thursday T3 (Creative Arts)
Swapped B6B Tuesday T2 (Mathematics) <-> Friday T3 (Mathematics)
Swapped B6B Tuesday T2 (Mathematics) <-> Monday T2 (Mathematics)
Swapped B6B Tuesday T2 (Mathematics) <-> Wednesday T2 (Mathematics)
Swapped B6B Tuesday T2 (Mathematics) <-> Thursday T6 (Mathematics)
Swapped B6B Tuesday T3 (Science) <-> Friday T5 (Science)
Swapped B6B Tuesday T3 (Science) <-> Monday T3 (Science)
Swapped B6B Tuesday T3 (Science) <-> Wednesday T3 (Science)
Swapped B6B Tuesday T3 (Science) <-> Thursday T8 (Science)
Swapped B6B Friday T1 (RME) <-> Monday T8 (RME)
Swapped B6B Friday T1 (RME) <-> Thursday T1 (RME)
Swapped B6B Friday T1 (RME) <-> Tuesday T9 (RME)
Swapped B6B Friday T1 (RME) <-> Wednesday T9 (RME)
Swapped B6B Friday T3 (Mathematics) <-> Monday T2 (Mathematics)
Swapped B6B Friday T3 (Mathematics) <-> Wednesday T2 (Mathematics)
Swapped B6B Tuesday T1 (French) <-> Wednesday T6 (French)
Swapped B6B Tuesday T1 (French) <-> Monday T9 (French)
Swapped B6B Friday T3 (Mathematics) <-> Thursday T6 (Mathematics)
Swapped B6B Tuesday T6 (English) <-> Friday T8 (English)
Swapped B6B Tuesday T6 (English) <-> Monday T1 (English)
Swapped B6B Tuesday T6 (English) <-> Thursday T5 (English)
Swapped B6B Tuesday T8 (Creative Arts) <-> Thursday T3 (Creative Arts)
Swapped B6B Tuesday T2 (Mathematics) <-> Friday T3 (Mathematics)
Swapped B6B Tuesday T2 (Mathematics) <-> Monday T2 (Mathematics)
Swapped B6B Tuesday T2 (Mathematics) <-> Wednesday T2 (Mathematics)
Swapped B6B Tuesday T2 (Mathematics) <-> Thursday T6 (Mathematics)
Swapped B6B Tuesday T3 (Science) <-> Friday T5 (Science)
Swapped B6B Tuesday T3 (Science) <-> Monday T3 (Science)
Swapped B6B Tuesday T3 (Science) <-> Wednesday T3 (Science)
Swapped B6B Tuesday T3 (Science) <-> Thursday T8 (Science)
No repairs applied (LNS phase may still have operated).